# Logfile created on 2011-04-23 22:29:14 +0100 by logger.rb/25413
REQUESTING PAGE: GET / with {} and HTTP headers {}
REQUESTING PAGE: GET / with {} and HTTP headers {"HTTP_REFERER"=>"/"}
REQUESTING PAGE: GET / with {} and HTTP headers {}
REQUESTING PAGE: GET / with {} and HTTP headers {"HTTP_REFERER"=>"/"}
REQUESTING PAGE: GET /about with {} and HTTP headers {"HTTP_REFERER"=>"/"}
REQUESTING PAGE: GET /contact with {} and HTTP headers {"HTTP_REFERER"=>"/about"}
REQUESTING PAGE: GET /endorsements with {} and HTTP headers {"HTTP_REFERER"=>"/contact"}
REQUESTING PAGE: GET /about with {} and HTTP headers {"HTTP_REFERER"=>"/endorsements"}
REQUESTING PAGE: GET / with {} and HTTP headers {}
REQUESTING PAGE: GET / with {} and HTTP headers {"HTTP_REFERER"=>"/"}
REQUESTING PAGE: GET /about with {} and HTTP headers {"HTTP_REFERER"=>"/"}
REQUESTING PAGE: GET /contact with {} and HTTP headers {"HTTP_REFERER"=>"/about"}
REQUESTING PAGE: GET /endorsements with {} and HTTP headers {"HTTP_REFERER"=>"/contact"}
REQUESTING PAGE: GET /about with {} and HTTP headers {"HTTP_REFERER"=>"/endorsements"}
REQUESTING PAGE: GET / with {} and HTTP headers {}
REQUESTING PAGE: GET / with {} and HTTP headers {}
REQUESTING PAGE: GET / with {} and HTTP headers {}
REQUESTING PAGE: GET / with {} and HTTP headers {}
REQUESTING PAGE: GET / with {} and HTTP headers {"HTTP_REFERER"=>"/"}
REQUESTING PAGE: GET /about with {} and HTTP headers {"HTTP_REFERER"=>"/"}
REQUESTING PAGE: GET /contact with {} and HTTP headers {"HTTP_REFERER"=>"/about"}
REQUESTING PAGE: GET /endorsements with {} and HTTP headers {"HTTP_REFERER"=>"/contact"}
REQUESTING PAGE: GET /about with {} and HTTP headers {"HTTP_REFERER"=>"/endorsements"}
REQUESTING PAGE: GET / with {} and HTTP headers {}
REQUESTING PAGE: GET / with {} and HTTP headers {"HTTP_REFERER"=>"/"}
REQUESTING PAGE: GET /about with {} and HTTP headers {"HTTP_REFERER"=>"/"}
REQUESTING PAGE: GET /contact with {} and HTTP headers {"HTTP_REFERER"=>"/about"}
REQUESTING PAGE: GET /endorsements with {} and HTTP headers {"HTTP_REFERER"=>"/contact"}
REQUESTING PAGE: GET /free_trial with {} and HTTP headers {"HTTP_REFERER"=>"/endorsements"}
REQUESTING PAGE: GET / with {} and HTTP headers {}
REQUESTING PAGE: GET / with {} and HTTP headers {"HTTP_REFERER"=>"/"}
REQUESTING PAGE: GET /about with {} and HTTP headers {"HTTP_REFERER"=>"/"}
REQUESTING PAGE: GET /contact with {} and HTTP headers {"HTTP_REFERER"=>"/about"}
REQUESTING PAGE: GET /endorsements with {} and HTTP headers {"HTTP_REFERER"=>"/contact"}
REQUESTING PAGE: GET /free_trial with {} and HTTP headers {"HTTP_REFERER"=>"/endorsements"}
REQUESTING PAGE: GET / with {} and HTTP headers {}
REQUESTING PAGE: GET / with {} and HTTP headers {"HTTP_REFERER"=>"/"}
REQUESTING PAGE: GET /about with {} and HTTP headers {"HTTP_REFERER"=>"/"}
REQUESTING PAGE: GET /contact with {} and HTTP headers {"HTTP_REFERER"=>"/about"}
REQUESTING PAGE: GET /endorsements with {} and HTTP headers {"HTTP_REFERER"=>"/contact"}
REQUESTING PAGE: GET /free_trial with {} and HTTP headers {"HTTP_REFERER"=>"/endorsements"}
REQUESTING PAGE: GET / with {} and HTTP headers {}
REQUESTING PAGE: GET / with {} and HTTP headers {"HTTP_REFERER"=>"/"}
REQUESTING PAGE: GET /about with {} and HTTP headers {"HTTP_REFERER"=>"/"}
REQUESTING PAGE: GET /contact with {} and HTTP headers {"HTTP_REFERER"=>"/about"}
REQUESTING PAGE: GET /endorsements with {} and HTTP headers {"HTTP_REFERER"=>"/contact"}
REQUESTING PAGE: GET /free_trial with {} and HTTP headers {"HTTP_REFERER"=>"/endorsements"}
REQUESTING PAGE: GET / with {} and HTTP headers {}
REQUESTING PAGE: GET / with {} and HTTP headers {"HTTP_REFERER"=>"/"}
REQUESTING PAGE: GET /about with {} and HTTP headers {"HTTP_REFERER"=>"/"}
REQUESTING PAGE: GET /contact with {} and HTTP headers {"HTTP_REFERER"=>"/about"}
REQUESTING PAGE: GET /endorsements with {} and HTTP headers {"HTTP_REFERER"=>"/contact"}
REQUESTING PAGE: GET /join with {} and HTTP headers {"HTTP_REFERER"=>"/endorsements"}
REQUESTING PAGE: GET /links with {} and HTTP headers {"HTTP_REFERER"=>"/join"}
REQUESTING PAGE: GET / with {} and HTTP headers {}
REQUESTING PAGE: GET / with {} and HTTP headers {"HTTP_REFERER"=>"/"}
REQUESTING PAGE: GET /about with {} and HTTP headers {"HTTP_REFERER"=>"/"}
REQUESTING PAGE: GET /contact with {} and HTTP headers {"HTTP_REFERER"=>"/about"}
REQUESTING PAGE: GET /endorsements with {} and HTTP headers {"HTTP_REFERER"=>"/contact"}
REQUESTING PAGE: GET /join with {} and HTTP headers {"HTTP_REFERER"=>"/endorsements"}
REQUESTING PAGE: GET /links with {} and HTTP headers {"HTTP_REFERER"=>"/join"}
REQUESTING PAGE: GET /member_orchestras with {} and HTTP headers {"HTTP_REFERER"=>"/links"}
REQUESTING PAGE: GET / with {} and HTTP headers {}
REQUESTING PAGE: GET / with {} and HTTP headers {"HTTP_REFERER"=>"/"}
REQUESTING PAGE: GET /about with {} and HTTP headers {"HTTP_REFERER"=>"/"}
REQUESTING PAGE: GET /contact with {} and HTTP headers {"HTTP_REFERER"=>"/about"}
REQUESTING PAGE: GET /endorsements with {} and HTTP headers {"HTTP_REFERER"=>"/contact"}
REQUESTING PAGE: GET /join with {} and HTTP headers {"HTTP_REFERER"=>"/endorsements"}
REQUESTING PAGE: GET /links with {} and HTTP headers {"HTTP_REFERER"=>"/join"}
REQUESTING PAGE: GET /member_orchestras with {} and HTTP headers {"HTTP_REFERER"=>"/links"}
REQUESTING PAGE: GET /privacy_policy with {} and HTTP headers {"HTTP_REFERER"=>"/member_orchestras"}
REQUESTING PAGE: GET / with {} and HTTP headers {}
REQUESTING PAGE: GET / with {} and HTTP headers {"HTTP_REFERER"=>"/"}
REQUESTING PAGE: GET /about with {} and HTTP headers {"HTTP_REFERER"=>"/"}
REQUESTING PAGE: GET /contact with {} and HTTP headers {"HTTP_REFERER"=>"/about"}
REQUESTING PAGE: GET /endorsements with {} and HTTP headers {"HTTP_REFERER"=>"/contact"}
REQUESTING PAGE: GET /free_trial with {} and HTTP headers {"HTTP_REFERER"=>"/endorsements"}
REQUESTING PAGE: GET /join with {} and HTTP headers {"HTTP_REFERER"=>"/free_trial"}
REQUESTING PAGE: GET /links with {} and HTTP headers {"HTTP_REFERER"=>"/join"}
REQUESTING PAGE: GET /member_orchestras with {} and HTTP headers {"HTTP_REFERER"=>"/links"}
REQUESTING PAGE: GET /privacy_policy with {} and HTTP headers {"HTTP_REFERER"=>"/member_orchestras"}
REQUESTING PAGE: GET /subscription_rates with {} and HTTP headers {"HTTP_REFERER"=>"/privacy_policy"}
REQUESTING PAGE: GET /terms with {} and HTTP headers {"HTTP_REFERER"=>"/subscription_rates"}
REQUESTING PAGE: GET / with {} and HTTP headers {}
REQUESTING PAGE: GET / with {} and HTTP headers {"HTTP_REFERER"=>"/"}
REQUESTING PAGE: GET /about with {} and HTTP headers {"HTTP_REFERER"=>"/"}
REQUESTING PAGE: GET /contact with {} and HTTP headers {"HTTP_REFERER"=>"/about"}
REQUESTING PAGE: GET /endorsements with {} and HTTP headers {"HTTP_REFERER"=>"/contact"}
REQUESTING PAGE: GET /free_trial with {} and HTTP headers {"HTTP_REFERER"=>"/endorsements"}
REQUESTING PAGE: GET /join with {} and HTTP headers {"HTTP_REFERER"=>"/free_trial"}
REQUESTING PAGE: GET /links with {} and HTTP headers {"HTTP_REFERER"=>"/join"}
REQUESTING PAGE: GET /member_orchestras with {} and HTTP headers {"HTTP_REFERER"=>"/links"}
REQUESTING PAGE: GET /privacy_policy with {} and HTTP headers {"HTTP_REFERER"=>"/member_orchestras"}
REQUESTING PAGE: GET /subscription_rates with {} and HTTP headers {"HTTP_REFERER"=>"/privacy_policy"}
REQUESTING PAGE: GET /terms with {} and HTTP headers {"HTTP_REFERER"=>"/subscription_rates"}
REQUESTING PAGE: GET / with {} and HTTP headers {}
REQUESTING PAGE: GET / with {} and HTTP headers {"HTTP_REFERER"=>"/"}
REQUESTING PAGE: GET /about with {} and HTTP headers {"HTTP_REFERER"=>"/"}
REQUESTING PAGE: GET /contact with {} and HTTP headers {"HTTP_REFERER"=>"/about"}
REQUESTING PAGE: GET /endorsements with {} and HTTP headers {"HTTP_REFERER"=>"/contact"}
REQUESTING PAGE: GET /free_trial with {} and HTTP headers {"HTTP_REFERER"=>"/endorsements"}
REQUESTING PAGE: GET /join with {} and HTTP headers {"HTTP_REFERER"=>"/free_trial"}
REQUESTING PAGE: GET /links with {} and HTTP headers {"HTTP_REFERER"=>"/join"}
REQUESTING PAGE: GET /member_orchestras with {} and HTTP headers {"HTTP_REFERER"=>"/links"}
REQUESTING PAGE: GET /privacy_policy with {} and HTTP headers {"HTTP_REFERER"=>"/member_orchestras"}
REQUESTING PAGE: GET /subscription_rates with {} and HTTP headers {"HTTP_REFERER"=>"/privacy_policy"}
REQUESTING PAGE: GET /terms with {} and HTTP headers {"HTTP_REFERER"=>"/subscription_rates"}
REQUESTING PAGE: GET / with {} and HTTP headers {}
REQUESTING PAGE: GET / with {} and HTTP headers {"HTTP_REFERER"=>"/"}
REQUESTING PAGE: GET /about with {} and HTTP headers {"HTTP_REFERER"=>"/"}
REQUESTING PAGE: GET /contact with {} and HTTP headers {"HTTP_REFERER"=>"/about"}
REQUESTING PAGE: GET /endorsements with {} and HTTP headers {"HTTP_REFERER"=>"/contact"}
REQUESTING PAGE: GET /free_trial with {} and HTTP headers {"HTTP_REFERER"=>"/endorsements"}
REQUESTING PAGE: GET /join with {} and HTTP headers {"HTTP_REFERER"=>"/free_trial"}
REQUESTING PAGE: GET /links with {} and HTTP headers {"HTTP_REFERER"=>"/join"}
REQUESTING PAGE: GET /member_orchestras with {} and HTTP headers {"HTTP_REFERER"=>"/links"}
REQUESTING PAGE: GET /privacy_policy with {} and HTTP headers {"HTTP_REFERER"=>"/member_orchestras"}
REQUESTING PAGE: GET /subscription_rates with {} and HTTP headers {"HTTP_REFERER"=>"/privacy_policy"}
REQUESTING PAGE: GET /terms with {} and HTTP headers {"HTTP_REFERER"=>"/subscription_rates"}
REQUESTING PAGE: GET / with {} and HTTP headers {}
REQUESTING PAGE: GET / with {} and HTTP headers {"HTTP_REFERER"=>"/"}
REQUESTING PAGE: GET /about with {} and HTTP headers {"HTTP_REFERER"=>"/"}
REQUESTING PAGE: GET /contact with {} and HTTP headers {"HTTP_REFERER"=>"/about"}
REQUESTING PAGE: GET /endorsements with {} and HTTP headers {"HTTP_REFERER"=>"/contact"}
REQUESTING PAGE: GET /free_trial with {} and HTTP headers {"HTTP_REFERER"=>"/endorsements"}
REQUESTING PAGE: GET /join with {} and HTTP headers {"HTTP_REFERER"=>"/free_trial"}
REQUESTING PAGE: GET /links with {} and HTTP headers {"HTTP_REFERER"=>"/join"}
REQUESTING PAGE: GET /member_orchestras with {} and HTTP headers {"HTTP_REFERER"=>"/links"}
REQUESTING PAGE: GET /privacy_policy with {} and HTTP headers {"HTTP_REFERER"=>"/member_orchestras"}
REQUESTING PAGE: GET /subscription_rates with {} and HTTP headers {"HTTP_REFERER"=>"/privacy_policy"}
REQUESTING PAGE: GET /terms with {} and HTTP headers {"HTTP_REFERER"=>"/subscription_rates"}
REQUESTING PAGE: GET / with {} and HTTP headers {}
REQUESTING PAGE: GET / with {} and HTTP headers {"HTTP_REFERER"=>"/"}
REQUESTING PAGE: GET /about with {} and HTTP headers {"HTTP_REFERER"=>"/"}
REQUESTING PAGE: GET /contact with {} and HTTP headers {"HTTP_REFERER"=>"/about"}
REQUESTING PAGE: GET /endorsements with {} and HTTP headers {"HTTP_REFERER"=>"/contact"}
REQUESTING PAGE: GET /free_trial with {} and HTTP headers {"HTTP_REFERER"=>"/endorsements"}
REQUESTING PAGE: GET /join with {} and HTTP headers {"HTTP_REFERER"=>"/free_trial"}
REQUESTING PAGE: GET /links with {} and HTTP headers {"HTTP_REFERER"=>"/join"}
REQUESTING PAGE: GET /member_orchestras with {} and HTTP headers {"HTTP_REFERER"=>"/links"}
REQUESTING PAGE: GET /privacy_policy with {} and HTTP headers {"HTTP_REFERER"=>"/member_orchestras"}
REQUESTING PAGE: GET /subscription_rates with {} and HTTP headers {"HTTP_REFERER"=>"/privacy_policy"}
REQUESTING PAGE: GET /terms with {} and HTTP headers {"HTTP_REFERER"=>"/subscription_rates"}
REQUESTING PAGE: GET / with {} and HTTP headers {}
REQUESTING PAGE: GET / with {} and HTTP headers {"HTTP_REFERER"=>"/"}
REQUESTING PAGE: GET /about with {} and HTTP headers {"HTTP_REFERER"=>"/"}
REQUESTING PAGE: GET /contact with {} and HTTP headers {"HTTP_REFERER"=>"/about"}
REQUESTING PAGE: GET /endorsements with {} and HTTP headers {"HTTP_REFERER"=>"/contact"}
REQUESTING PAGE: GET /free_trial with {} and HTTP headers {"HTTP_REFERER"=>"/endorsements"}
REQUESTING PAGE: GET /join with {} and HTTP headers {"HTTP_REFERER"=>"/free_trial"}
REQUESTING PAGE: GET /links with {} and HTTP headers {"HTTP_REFERER"=>"/join"}
REQUESTING PAGE: GET /member_orchestras with {} and HTTP headers {"HTTP_REFERER"=>"/links"}
REQUESTING PAGE: GET /privacy_policy with {} and HTTP headers {"HTTP_REFERER"=>"/member_orchestras"}
REQUESTING PAGE: GET /subscription_rates with {} and HTTP headers {"HTTP_REFERER"=>"/privacy_policy"}
REQUESTING PAGE: GET /terms with {} and HTTP headers {"HTTP_REFERER"=>"/subscription_rates"}
REQUESTING PAGE: GET / with {} and HTTP headers {}
REQUESTING PAGE: GET / with {} and HTTP headers {"HTTP_REFERER"=>"/"}
REQUESTING PAGE: GET /about with {} and HTTP headers {"HTTP_REFERER"=>"/"}
REQUESTING PAGE: GET /contact with {} and HTTP headers {"HTTP_REFERER"=>"/about"}
REQUESTING PAGE: GET /endorsements with {} and HTTP headers {"HTTP_REFERER"=>"/contact"}
REQUESTING PAGE: GET /free_trial with {} and HTTP headers {"HTTP_REFERER"=>"/endorsements"}
REQUESTING PAGE: GET /join with {} and HTTP headers {"HTTP_REFERER"=>"/free_trial"}
REQUESTING PAGE: GET /links with {} and HTTP headers {"HTTP_REFERER"=>"/join"}
REQUESTING PAGE: GET /member_orchestras with {} and HTTP headers {"HTTP_REFERER"=>"/links"}
REQUESTING PAGE: GET /privacy_policy with {} and HTTP headers {"HTTP_REFERER"=>"/member_orchestras"}
REQUESTING PAGE: GET /subscription_rates with {} and HTTP headers {"HTTP_REFERER"=>"/privacy_policy"}
REQUESTING PAGE: GET /terms with {} and HTTP headers {"HTTP_REFERER"=>"/subscription_rates"}
REQUESTING PAGE: GET / with {} and HTTP headers {}
REQUESTING PAGE: GET / with {} and HTTP headers {"HTTP_REFERER"=>"/"}
REQUESTING PAGE: GET /about with {} and HTTP headers {"HTTP_REFERER"=>"/"}
REQUESTING PAGE: GET /contact with {} and HTTP headers {"HTTP_REFERER"=>"/about"}
REQUESTING PAGE: GET /endorsements with {} and HTTP headers {"HTTP_REFERER"=>"/contact"}
REQUESTING PAGE: GET /free_trial with {} and HTTP headers {"HTTP_REFERER"=>"/endorsements"}
REQUESTING PAGE: GET /join with {} and HTTP headers {"HTTP_REFERER"=>"/free_trial"}
REQUESTING PAGE: GET /links with {} and HTTP headers {"HTTP_REFERER"=>"/join"}
REQUESTING PAGE: GET /member_orchestras with {} and HTTP headers {"HTTP_REFERER"=>"/links"}
REQUESTING PAGE: GET /privacy_policy with {} and HTTP headers {"HTTP_REFERER"=>"/member_orchestras"}
REQUESTING PAGE: GET /subscription_rates with {} and HTTP headers {"HTTP_REFERER"=>"/privacy_policy"}
REQUESTING PAGE: GET /terms with {} and HTTP headers {"HTTP_REFERER"=>"/subscription_rates"}
REQUESTING PAGE: GET / with {} and HTTP headers {}
REQUESTING PAGE: GET / with {} and HTTP headers {"HTTP_REFERER"=>"/"}
REQUESTING PAGE: GET /about with {} and HTTP headers {"HTTP_REFERER"=>"/"}
REQUESTING PAGE: GET /contact with {} and HTTP headers {"HTTP_REFERER"=>"/about"}
REQUESTING PAGE: GET /endorsements with {} and HTTP headers {"HTTP_REFERER"=>"/contact"}
REQUESTING PAGE: GET /free_trial with {} and HTTP headers {"HTTP_REFERER"=>"/endorsements"}
REQUESTING PAGE: GET /join with {} and HTTP headers {"HTTP_REFERER"=>"/free_trial"}
REQUESTING PAGE: GET /links with {} and HTTP headers {"HTTP_REFERER"=>"/join"}
REQUESTING PAGE: GET /member_orchestras with {} and HTTP headers {"HTTP_REFERER"=>"/links"}
REQUESTING PAGE: GET /privacy_policy with {} and HTTP headers {"HTTP_REFERER"=>"/member_orchestras"}
REQUESTING PAGE: GET /subscription_rates with {} and HTTP headers {"HTTP_REFERER"=>"/privacy_policy"}
REQUESTING PAGE: GET /terms with {} and HTTP headers {"HTTP_REFERER"=>"/subscription_rates"}
REQUESTING PAGE: GET / with {} and HTTP headers {}
REQUESTING PAGE: GET / with {} and HTTP headers {"HTTP_REFERER"=>"/"}
REQUESTING PAGE: GET /about with {} and HTTP headers {"HTTP_REFERER"=>"/"}
REQUESTING PAGE: GET /contact with {} and HTTP headers {"HTTP_REFERER"=>"/about"}
REQUESTING PAGE: GET /endorsements with {} and HTTP headers {"HTTP_REFERER"=>"/contact"}
REQUESTING PAGE: GET /free_trial with {} and HTTP headers {"HTTP_REFERER"=>"/endorsements"}
REQUESTING PAGE: GET /join with {} and HTTP headers {"HTTP_REFERER"=>"/free_trial"}
REQUESTING PAGE: GET /links with {} and HTTP headers {"HTTP_REFERER"=>"/join"}
REQUESTING PAGE: GET /member_orchestras with {} and HTTP headers {"HTTP_REFERER"=>"/links"}
REQUESTING PAGE: GET /privacy_policy with {} and HTTP headers {"HTTP_REFERER"=>"/member_orchestras"}
REQUESTING PAGE: GET /subscription_rates with {} and HTTP headers {"HTTP_REFERER"=>"/privacy_policy"}
REQUESTING PAGE: GET /terms with {} and HTTP headers {"HTTP_REFERER"=>"/subscription_rates"}
REQUESTING PAGE: GET / with {} and HTTP headers {}
REQUESTING PAGE: GET / with {} and HTTP headers {"HTTP_REFERER"=>"/"}
REQUESTING PAGE: GET /about with {} and HTTP headers {"HTTP_REFERER"=>"/"}
REQUESTING PAGE: GET /contact with {} and HTTP headers {"HTTP_REFERER"=>"/about"}
REQUESTING PAGE: GET /endorsements with {} and HTTP headers {"HTTP_REFERER"=>"/contact"}
REQUESTING PAGE: GET /free_trial with {} and HTTP headers {"HTTP_REFERER"=>"/endorsements"}
REQUESTING PAGE: GET /join with {} and HTTP headers {"HTTP_REFERER"=>"/free_trial"}
REQUESTING PAGE: GET /links with {} and HTTP headers {"HTTP_REFERER"=>"/join"}
REQUESTING PAGE: GET /member_orchestras with {} and HTTP headers {"HTTP_REFERER"=>"/links"}
REQUESTING PAGE: GET /privacy_policy with {} and HTTP headers {"HTTP_REFERER"=>"/member_orchestras"}
REQUESTING PAGE: GET /subscription_rates with {} and HTTP headers {"HTTP_REFERER"=>"/privacy_policy"}
REQUESTING PAGE: GET /terms with {} and HTTP headers {"HTTP_REFERER"=>"/subscription_rates"}
REQUESTING PAGE: GET / with {} and HTTP headers {}
REQUESTING PAGE: GET / with {} and HTTP headers {"HTTP_REFERER"=>"/"}
REQUESTING PAGE: GET /about with {} and HTTP headers {"HTTP_REFERER"=>"/"}
REQUESTING PAGE: GET /contact with {} and HTTP headers {"HTTP_REFERER"=>"/about"}
REQUESTING PAGE: GET /endorsements with {} and HTTP headers {"HTTP_REFERER"=>"/contact"}
REQUESTING PAGE: GET /free_trial with {} and HTTP headers {"HTTP_REFERER"=>"/endorsements"}
REQUESTING PAGE: GET /join with {} and HTTP headers {"HTTP_REFERER"=>"/free_trial"}
REQUESTING PAGE: GET /links with {} and HTTP headers {"HTTP_REFERER"=>"/join"}
REQUESTING PAGE: GET /member_orchestras with {} and HTTP headers {"HTTP_REFERER"=>"/links"}
REQUESTING PAGE: GET /privacy_policy with {} and HTTP headers {"HTTP_REFERER"=>"/member_orchestras"}
REQUESTING PAGE: GET /subscription_rates with {} and HTTP headers {"HTTP_REFERER"=>"/privacy_policy"}
REQUESTING PAGE: GET /terms with {} and HTTP headers {"HTTP_REFERER"=>"/subscription_rates"}
REQUESTING PAGE: GET / with {} and HTTP headers {}
REQUESTING PAGE: GET / with {} and HTTP headers {"HTTP_REFERER"=>"/"}
REQUESTING PAGE: GET /about with {} and HTTP headers {"HTTP_REFERER"=>"/"}
REQUESTING PAGE: GET /contact with {} and HTTP headers {"HTTP_REFERER"=>"/about"}
REQUESTING PAGE: GET /endorsements with {} and HTTP headers {"HTTP_REFERER"=>"/contact"}
REQUESTING PAGE: GET /free_trial with {} and HTTP headers {"HTTP_REFERER"=>"/endorsements"}
REQUESTING PAGE: GET /join with {} and HTTP headers {"HTTP_REFERER"=>"/free_trial"}
REQUESTING PAGE: GET /links with {} and HTTP headers {"HTTP_REFERER"=>"/join"}
REQUESTING PAGE: GET /member_orchestras with {} and HTTP headers {"HTTP_REFERER"=>"/links"}
REQUESTING PAGE: GET /privacy_policy with {} and HTTP headers {"HTTP_REFERER"=>"/member_orchestras"}
REQUESTING PAGE: GET /subscription_rates with {} and HTTP headers {"HTTP_REFERER"=>"/privacy_policy"}
REQUESTING PAGE: GET /terms with {} and HTTP headers {"HTTP_REFERER"=>"/subscription_rates"}
REQUESTING PAGE: GET / with {} and HTTP headers {}
REQUESTING PAGE: GET / with {} and HTTP headers {"HTTP_REFERER"=>"/"}
REQUESTING PAGE: GET /about with {} and HTTP headers {"HTTP_REFERER"=>"/"}
REQUESTING PAGE: GET /contact with {} and HTTP headers {"HTTP_REFERER"=>"/about"}
REQUESTING PAGE: GET /endorsements with {} and HTTP headers {"HTTP_REFERER"=>"/contact"}
REQUESTING PAGE: GET /free_trial with {} and HTTP headers {"HTTP_REFERER"=>"/endorsements"}
REQUESTING PAGE: GET /join with {} and HTTP headers {"HTTP_REFERER"=>"/free_trial"}
REQUESTING PAGE: GET /links with {} and HTTP headers {"HTTP_REFERER"=>"/join"}
REQUESTING PAGE: GET /member_orchestras with {} and HTTP headers {"HTTP_REFERER"=>"/links"}
REQUESTING PAGE: GET /privacy_policy with {} and HTTP headers {"HTTP_REFERER"=>"/member_orchestras"}
REQUESTING PAGE: GET /subscription_rates with {} and HTTP headers {"HTTP_REFERER"=>"/privacy_policy"}
REQUESTING PAGE: GET /terms with {} and HTTP headers {"HTTP_REFERER"=>"/subscription_rates"}
REQUESTING PAGE: GET / with {} and HTTP headers {}
REQUESTING PAGE: GET / with {} and HTTP headers {"HTTP_REFERER"=>"/"}
REQUESTING PAGE: GET /about with {} and HTTP headers {"HTTP_REFERER"=>"/"}
REQUESTING PAGE: GET /contact with {} and HTTP headers {"HTTP_REFERER"=>"/about"}
REQUESTING PAGE: GET /endorsements with {} and HTTP headers {"HTTP_REFERER"=>"/contact"}
REQUESTING PAGE: GET /free_trial with {} and HTTP headers {"HTTP_REFERER"=>"/endorsements"}
REQUESTING PAGE: GET /join with {} and HTTP headers {"HTTP_REFERER"=>"/free_trial"}
REQUESTING PAGE: GET /links with {} and HTTP headers {"HTTP_REFERER"=>"/join"}
REQUESTING PAGE: GET /member_orchestras with {} and HTTP headers {"HTTP_REFERER"=>"/links"}
REQUESTING PAGE: GET /privacy_policy with {} and HTTP headers {"HTTP_REFERER"=>"/member_orchestras"}
REQUESTING PAGE: GET /subscription_rates with {} and HTTP headers {"HTTP_REFERER"=>"/privacy_policy"}
REQUESTING PAGE: GET /terms with {} and HTTP headers {"HTTP_REFERER"=>"/subscription_rates"}
REQUESTING PAGE: GET / with {} and HTTP headers {}
REQUESTING PAGE: GET / with {} and HTTP headers {"HTTP_REFERER"=>"/"}
REQUESTING PAGE: GET /about with {} and HTTP headers {"HTTP_REFERER"=>"/"}
REQUESTING PAGE: GET /contact with {} and HTTP headers {"HTTP_REFERER"=>"/about"}
REQUESTING PAGE: GET /endorsements with {} and HTTP headers {"HTTP_REFERER"=>"/contact"}
REQUESTING PAGE: GET /free_trial with {} and HTTP headers {"HTTP_REFERER"=>"/endorsements"}
REQUESTING PAGE: GET /join with {} and HTTP headers {"HTTP_REFERER"=>"/free_trial"}
REQUESTING PAGE: GET /links with {} and HTTP headers {"HTTP_REFERER"=>"/join"}
REQUESTING PAGE: GET /member_orchestras with {} and HTTP headers {"HTTP_REFERER"=>"/links"}
REQUESTING PAGE: GET /privacy_policy with {} and HTTP headers {"HTTP_REFERER"=>"/member_orchestras"}
REQUESTING PAGE: GET /subscription_rates with {} and HTTP headers {"HTTP_REFERER"=>"/privacy_policy"}
REQUESTING PAGE: GET /terms with {} and HTTP headers {"HTTP_REFERER"=>"/subscription_rates"}
REQUESTING PAGE: GET / with {} and HTTP headers {}
REQUESTING PAGE: GET / with {} and HTTP headers {"HTTP_REFERER"=>"/"}
REQUESTING PAGE: GET /about with {} and HTTP headers {"HTTP_REFERER"=>"/"}
REQUESTING PAGE: GET /contact with {} and HTTP headers {"HTTP_REFERER"=>"/about"}
REQUESTING PAGE: GET /endorsements with {} and HTTP headers {"HTTP_REFERER"=>"/contact"}
REQUESTING PAGE: GET /free_trial with {} and HTTP headers {"HTTP_REFERER"=>"/endorsements"}
REQUESTING PAGE: GET /join with {} and HTTP headers {"HTTP_REFERER"=>"/free_trial"}
REQUESTING PAGE: GET /links with {} and HTTP headers {"HTTP_REFERER"=>"/join"}
REQUESTING PAGE: GET /member_orchestras with {} and HTTP headers {"HTTP_REFERER"=>"/links"}
REQUESTING PAGE: GET /privacy_policy with {} and HTTP headers {"HTTP_REFERER"=>"/member_orchestras"}
REQUESTING PAGE: GET /subscription_rates with {} and HTTP headers {"HTTP_REFERER"=>"/privacy_policy"}
REQUESTING PAGE: GET /terms with {} and HTTP headers {"HTTP_REFERER"=>"/subscription_rates"}
REQUESTING PAGE: GET / with {} and HTTP headers {}
REQUESTING PAGE: GET / with {} and HTTP headers {"HTTP_REFERER"=>"/"}
REQUESTING PAGE: GET /about with {} and HTTP headers {"HTTP_REFERER"=>"/"}
REQUESTING PAGE: GET /contact with {} and HTTP headers {"HTTP_REFERER"=>"/about"}
REQUESTING PAGE: GET /endorsements with {} and HTTP headers {"HTTP_REFERER"=>"/contact"}
REQUESTING PAGE: GET /free_trial with {} and HTTP headers {"HTTP_REFERER"=>"/endorsements"}
REQUESTING PAGE: GET /join with {} and HTTP headers {"HTTP_REFERER"=>"/free_trial"}
REQUESTING PAGE: GET /links with {} and HTTP headers {"HTTP_REFERER"=>"/join"}
REQUESTING PAGE: GET /member_orchestras with {} and HTTP headers {"HTTP_REFERER"=>"/links"}
REQUESTING PAGE: GET /privacy_policy with {} and HTTP headers {"HTTP_REFERER"=>"/member_orchestras"}
REQUESTING PAGE: GET /subscription_rates with {} and HTTP headers {"HTTP_REFERER"=>"/privacy_policy"}
REQUESTING PAGE: GET /terms with {} and HTTP headers {"HTTP_REFERER"=>"/subscription_rates"}
REQUESTING PAGE: GET / with {} and HTTP headers {}
REQUESTING PAGE: GET / with {} and HTTP headers {"HTTP_REFERER"=>"/"}
REQUESTING PAGE: GET /about with {} and HTTP headers {"HTTP_REFERER"=>"/"}
REQUESTING PAGE: GET /contact with {} and HTTP headers {"HTTP_REFERER"=>"/about"}
REQUESTING PAGE: GET /endorsements with {} and HTTP headers {"HTTP_REFERER"=>"/contact"}
REQUESTING PAGE: GET /free_trial with {} and HTTP headers {"HTTP_REFERER"=>"/endorsements"}
REQUESTING PAGE: GET /join with {} and HTTP headers {"HTTP_REFERER"=>"/free_trial"}
REQUESTING PAGE: GET /links with {} and HTTP headers {"HTTP_REFERER"=>"/join"}
REQUESTING PAGE: GET /member_orchestras with {} and HTTP headers {"HTTP_REFERER"=>"/links"}
REQUESTING PAGE: GET /privacy_policy with {} and HTTP headers {"HTTP_REFERER"=>"/member_orchestras"}
REQUESTING PAGE: GET /subscription_rates with {} and HTTP headers {"HTTP_REFERER"=>"/privacy_policy"}
REQUESTING PAGE: GET /terms with {} and HTTP headers {"HTTP_REFERER"=>"/subscription_rates"}
<<<<<<< HEAD
=======
REQUESTING PAGE: GET / with {} and HTTP headers {}
REQUESTING PAGE: GET / with {} and HTTP headers {"HTTP_REFERER"=>"/"}
REQUESTING PAGE: GET /about with {} and HTTP headers {"HTTP_REFERER"=>"/"}
REQUESTING PAGE: GET /contact with {} and HTTP headers {"HTTP_REFERER"=>"/about"}
REQUESTING PAGE: GET /endorsements with {} and HTTP headers {"HTTP_REFERER"=>"/contact"}
REQUESTING PAGE: GET /free_trial with {} and HTTP headers {"HTTP_REFERER"=>"/endorsements"}
REQUESTING PAGE: GET /join with {} and HTTP headers {"HTTP_REFERER"=>"/free_trial"}
REQUESTING PAGE: GET /links with {} and HTTP headers {"HTTP_REFERER"=>"/join"}
REQUESTING PAGE: GET /member_orchestras with {} and HTTP headers {"HTTP_REFERER"=>"/links"}
REQUESTING PAGE: GET /privacy_policy with {} and HTTP headers {"HTTP_REFERER"=>"/member_orchestras"}
REQUESTING PAGE: GET /subscription_rates with {} and HTTP headers {"HTTP_REFERER"=>"/privacy_policy"}
REQUESTING PAGE: GET /terms with {} and HTTP headers {"HTTP_REFERER"=>"/subscription_rates"}
REQUESTING PAGE: GET / with {} and HTTP headers {}
REQUESTING PAGE: GET / with {} and HTTP headers {"HTTP_REFERER"=>"/"}
REQUESTING PAGE: GET /about with {} and HTTP headers {"HTTP_REFERER"=>"/"}
REQUESTING PAGE: GET /contact with {} and HTTP headers {"HTTP_REFERER"=>"/about"}
REQUESTING PAGE: GET /endorsements with {} and HTTP headers {"HTTP_REFERER"=>"/contact"}
REQUESTING PAGE: GET /free_trial with {} and HTTP headers {"HTTP_REFERER"=>"/endorsements"}
REQUESTING PAGE: GET /join with {} and HTTP headers {"HTTP_REFERER"=>"/free_trial"}
REQUESTING PAGE: GET /links with {} and HTTP headers {"HTTP_REFERER"=>"/join"}
REQUESTING PAGE: GET /member_orchestras with {} and HTTP headers {"HTTP_REFERER"=>"/links"}
REQUESTING PAGE: GET /privacy_policy with {} and HTTP headers {"HTTP_REFERER"=>"/member_orchestras"}
REQUESTING PAGE: GET /subscription_rates with {} and HTTP headers {"HTTP_REFERER"=>"/privacy_policy"}
REQUESTING PAGE: GET /terms with {} and HTTP headers {"HTTP_REFERER"=>"/subscription_rates"}
REQUESTING PAGE: GET / with {} and HTTP headers {}
REQUESTING PAGE: GET / with {} and HTTP headers {"HTTP_REFERER"=>"/"}
REQUESTING PAGE: GET /about with {} and HTTP headers {"HTTP_REFERER"=>"/"}
REQUESTING PAGE: GET /contact with {} and HTTP headers {"HTTP_REFERER"=>"/about"}
REQUESTING PAGE: GET /endorsements with {} and HTTP headers {"HTTP_REFERER"=>"/contact"}
REQUESTING PAGE: GET /free_trial with {} and HTTP headers {"HTTP_REFERER"=>"/endorsements"}
REQUESTING PAGE: GET /join with {} and HTTP headers {"HTTP_REFERER"=>"/free_trial"}
REQUESTING PAGE: GET /links with {} and HTTP headers {"HTTP_REFERER"=>"/join"}
REQUESTING PAGE: GET /member_orchestras with {} and HTTP headers {"HTTP_REFERER"=>"/links"}
REQUESTING PAGE: GET /privacy_policy with {} and HTTP headers {"HTTP_REFERER"=>"/member_orchestras"}
REQUESTING PAGE: GET /subscription_rates with {} and HTTP headers {"HTTP_REFERER"=>"/privacy_policy"}
REQUESTING PAGE: GET /terms with {} and HTTP headers {"HTTP_REFERER"=>"/subscription_rates"}
REQUESTING PAGE: GET / with {} and HTTP headers {}
REQUESTING PAGE: GET / with {} and HTTP headers {"HTTP_REFERER"=>"/"}
REQUESTING PAGE: GET /about with {} and HTTP headers {"HTTP_REFERER"=>"/"}
REQUESTING PAGE: GET /contact with {} and HTTP headers {"HTTP_REFERER"=>"/about"}
REQUESTING PAGE: GET /endorsements with {} and HTTP headers {"HTTP_REFERER"=>"/contact"}
REQUESTING PAGE: GET /free_trial with {} and HTTP headers {"HTTP_REFERER"=>"/endorsements"}
REQUESTING PAGE: GET /join with {} and HTTP headers {"HTTP_REFERER"=>"/free_trial"}
REQUESTING PAGE: GET /links with {} and HTTP headers {"HTTP_REFERER"=>"/join"}
REQUESTING PAGE: GET /member_orchestras with {} and HTTP headers {"HTTP_REFERER"=>"/links"}
REQUESTING PAGE: GET /privacy_policy with {} and HTTP headers {"HTTP_REFERER"=>"/member_orchestras"}
REQUESTING PAGE: GET /subscription_rates with {} and HTTP headers {"HTTP_REFERER"=>"/privacy_policy"}
REQUESTING PAGE: GET /terms with {} and HTTP headers {"HTTP_REFERER"=>"/subscription_rates"}
REQUESTING PAGE: GET / with {} and HTTP headers {}
REQUESTING PAGE: GET / with {} and HTTP headers {"HTTP_REFERER"=>"/"}
REQUESTING PAGE: GET /about with {} and HTTP headers {"HTTP_REFERER"=>"/"}
REQUESTING PAGE: GET /contact with {} and HTTP headers {"HTTP_REFERER"=>"/about"}
REQUESTING PAGE: GET /endorsements with {} and HTTP headers {"HTTP_REFERER"=>"/contact"}
REQUESTING PAGE: GET /free_trial with {} and HTTP headers {"HTTP_REFERER"=>"/endorsements"}
REQUESTING PAGE: GET /join with {} and HTTP headers {"HTTP_REFERER"=>"/free_trial"}
REQUESTING PAGE: GET /links with {} and HTTP headers {"HTTP_REFERER"=>"/join"}
REQUESTING PAGE: GET /member_orchestras with {} and HTTP headers {"HTTP_REFERER"=>"/links"}
REQUESTING PAGE: GET /privacy_policy with {} and HTTP headers {"HTTP_REFERER"=>"/member_orchestras"}
REQUESTING PAGE: GET /subscription_rates with {} and HTTP headers {"HTTP_REFERER"=>"/privacy_policy"}
REQUESTING PAGE: GET /terms with {} and HTTP headers {"HTTP_REFERER"=>"/subscription_rates"}
REQUESTING PAGE: GET / with {} and HTTP headers {}
REQUESTING PAGE: GET / with {} and HTTP headers {"HTTP_REFERER"=>"/"}
REQUESTING PAGE: GET /about with {} and HTTP headers {"HTTP_REFERER"=>"/"}
REQUESTING PAGE: GET /contact with {} and HTTP headers {"HTTP_REFERER"=>"/about"}
REQUESTING PAGE: GET /endorsements with {} and HTTP headers {"HTTP_REFERER"=>"/contact"}
REQUESTING PAGE: GET /free_trial with {} and HTTP headers {"HTTP_REFERER"=>"/endorsements"}
REQUESTING PAGE: GET /join with {} and HTTP headers {"HTTP_REFERER"=>"/free_trial"}
REQUESTING PAGE: GET /links with {} and HTTP headers {"HTTP_REFERER"=>"/join"}
REQUESTING PAGE: GET /member_orchestras with {} and HTTP headers {"HTTP_REFERER"=>"/links"}
REQUESTING PAGE: GET /privacy_policy with {} and HTTP headers {"HTTP_REFERER"=>"/member_orchestras"}
REQUESTING PAGE: GET /subscription_rates with {} and HTTP headers {"HTTP_REFERER"=>"/privacy_policy"}
REQUESTING PAGE: GET /terms with {} and HTTP headers {"HTTP_REFERER"=>"/subscription_rates"}
REQUESTING PAGE: GET / with {} and HTTP headers {}
REQUESTING PAGE: GET / with {} and HTTP headers {"HTTP_REFERER"=>"/"}
REQUESTING PAGE: GET /about with {} and HTTP headers {"HTTP_REFERER"=>"/"}
REQUESTING PAGE: GET /contact with {} and HTTP headers {"HTTP_REFERER"=>"/about"}
REQUESTING PAGE: GET /endorsements with {} and HTTP headers {"HTTP_REFERER"=>"/contact"}
REQUESTING PAGE: GET /free_trial with {} and HTTP headers {"HTTP_REFERER"=>"/endorsements"}
REQUESTING PAGE: GET /join with {} and HTTP headers {"HTTP_REFERER"=>"/free_trial"}
REQUESTING PAGE: GET /links with {} and HTTP headers {"HTTP_REFERER"=>"/join"}
REQUESTING PAGE: GET /member_orchestras with {} and HTTP headers {"HTTP_REFERER"=>"/links"}
REQUESTING PAGE: GET /privacy_policy with {} and HTTP headers {"HTTP_REFERER"=>"/member_orchestras"}
REQUESTING PAGE: GET /subscription_rates with {} and HTTP headers {"HTTP_REFERER"=>"/privacy_policy"}
REQUESTING PAGE: GET /terms with {} and HTTP headers {"HTTP_REFERER"=>"/subscription_rates"}
REQUESTING PAGE: GET / with {} and HTTP headers {}
REQUESTING PAGE: GET / with {} and HTTP headers {"HTTP_REFERER"=>"/"}
REQUESTING PAGE: GET /about with {} and HTTP headers {"HTTP_REFERER"=>"/"}
REQUESTING PAGE: GET /contact with {} and HTTP headers {"HTTP_REFERER"=>"/about"}
REQUESTING PAGE: GET /endorsements with {} and HTTP headers {"HTTP_REFERER"=>"/contact"}
REQUESTING PAGE: GET /free_trial with {} and HTTP headers {"HTTP_REFERER"=>"/endorsements"}
REQUESTING PAGE: GET /join with {} and HTTP headers {"HTTP_REFERER"=>"/free_trial"}
REQUESTING PAGE: GET /links with {} and HTTP headers {"HTTP_REFERER"=>"/join"}
REQUESTING PAGE: GET /member_orchestras with {} and HTTP headers {"HTTP_REFERER"=>"/links"}
REQUESTING PAGE: GET /privacy_policy with {} and HTTP headers {"HTTP_REFERER"=>"/member_orchestras"}
REQUESTING PAGE: GET /subscription_rates with {} and HTTP headers {"HTTP_REFERER"=>"/privacy_policy"}
REQUESTING PAGE: GET /terms with {} and HTTP headers {"HTTP_REFERER"=>"/subscription_rates"}
REQUESTING PAGE: GET / with {} and HTTP headers {}
REQUESTING PAGE: GET / with {} and HTTP headers {"HTTP_REFERER"=>"/"}
REQUESTING PAGE: GET /about with {} and HTTP headers {"HTTP_REFERER"=>"/"}
REQUESTING PAGE: GET /contact with {} and HTTP headers {"HTTP_REFERER"=>"/about"}
REQUESTING PAGE: GET /endorsements with {} and HTTP headers {"HTTP_REFERER"=>"/contact"}
REQUESTING PAGE: GET /free_trial with {} and HTTP headers {"HTTP_REFERER"=>"/endorsements"}
REQUESTING PAGE: GET /join with {} and HTTP headers {"HTTP_REFERER"=>"/free_trial"}
REQUESTING PAGE: GET /links with {} and HTTP headers {"HTTP_REFERER"=>"/join"}
REQUESTING PAGE: GET /member_orchestras with {} and HTTP headers {"HTTP_REFERER"=>"/links"}
REQUESTING PAGE: GET /privacy_policy with {} and HTTP headers {"HTTP_REFERER"=>"/member_orchestras"}
REQUESTING PAGE: GET /subscription_rates with {} and HTTP headers {"HTTP_REFERER"=>"/privacy_policy"}
REQUESTING PAGE: GET /terms with {} and HTTP headers {"HTTP_REFERER"=>"/subscription_rates"}
REQUESTING PAGE: GET / with {} and HTTP headers {}
REQUESTING PAGE: GET / with {} and HTTP headers {"HTTP_REFERER"=>"/"}
REQUESTING PAGE: GET /about with {} and HTTP headers {"HTTP_REFERER"=>"/"}
REQUESTING PAGE: GET /contact with {} and HTTP headers {"HTTP_REFERER"=>"/about"}
REQUESTING PAGE: GET /endorsements with {} and HTTP headers {"HTTP_REFERER"=>"/contact"}
REQUESTING PAGE: GET /free_trial with {} and HTTP headers {"HTTP_REFERER"=>"/endorsements"}
REQUESTING PAGE: GET /join with {} and HTTP headers {"HTTP_REFERER"=>"/free_trial"}
REQUESTING PAGE: GET /links with {} and HTTP headers {"HTTP_REFERER"=>"/join"}
REQUESTING PAGE: GET /member_orchestras with {} and HTTP headers {"HTTP_REFERER"=>"/links"}
REQUESTING PAGE: GET /privacy_policy with {} and HTTP headers {"HTTP_REFERER"=>"/member_orchestras"}
REQUESTING PAGE: GET /subscription_rates with {} and HTTP headers {"HTTP_REFERER"=>"/privacy_policy"}
REQUESTING PAGE: GET /terms with {} and HTTP headers {"HTTP_REFERER"=>"/subscription_rates"}
REQUESTING PAGE: GET / with {} and HTTP headers {}
REQUESTING PAGE: GET / with {} and HTTP headers {"HTTP_REFERER"=>"/"}
REQUESTING PAGE: GET /about with {} and HTTP headers {"HTTP_REFERER"=>"/"}
REQUESTING PAGE: GET /contact with {} and HTTP headers {"HTTP_REFERER"=>"/about"}
REQUESTING PAGE: GET /endorsements with {} and HTTP headers {"HTTP_REFERER"=>"/contact"}
REQUESTING PAGE: GET /free_trial with {} and HTTP headers {"HTTP_REFERER"=>"/endorsements"}
REQUESTING PAGE: GET /join with {} and HTTP headers {"HTTP_REFERER"=>"/free_trial"}
REQUESTING PAGE: GET /links with {} and HTTP headers {"HTTP_REFERER"=>"/join"}
REQUESTING PAGE: GET /member_orchestras with {} and HTTP headers {"HTTP_REFERER"=>"/links"}
REQUESTING PAGE: GET /privacy_policy with {} and HTTP headers {"HTTP_REFERER"=>"/member_orchestras"}
REQUESTING PAGE: GET /subscription_rates with {} and HTTP headers {"HTTP_REFERER"=>"/privacy_policy"}
REQUESTING PAGE: GET /terms with {} and HTTP headers {"HTTP_REFERER"=>"/subscription_rates"}
REQUESTING PAGE: GET / with {} and HTTP headers {}
REQUESTING PAGE: GET / with {} and HTTP headers {"HTTP_REFERER"=>"/"}
REQUESTING PAGE: GET /about with {} and HTTP headers {"HTTP_REFERER"=>"/"}
REQUESTING PAGE: GET /contact with {} and HTTP headers {"HTTP_REFERER"=>"/about"}
REQUESTING PAGE: GET /endorsements with {} and HTTP headers {"HTTP_REFERER"=>"/contact"}
REQUESTING PAGE: GET /free_trial with {} and HTTP headers {"HTTP_REFERER"=>"/endorsements"}
REQUESTING PAGE: GET /join with {} and HTTP headers {"HTTP_REFERER"=>"/free_trial"}
REQUESTING PAGE: GET /links with {} and HTTP headers {"HTTP_REFERER"=>"/join"}
REQUESTING PAGE: GET /member_orchestras with {} and HTTP headers {"HTTP_REFERER"=>"/links"}
REQUESTING PAGE: GET /privacy_policy with {} and HTTP headers {"HTTP_REFERER"=>"/member_orchestras"}
REQUESTING PAGE: GET /subscription_rates with {} and HTTP headers {"HTTP_REFERER"=>"/privacy_policy"}
REQUESTING PAGE: GET /terms with {} and HTTP headers {"HTTP_REFERER"=>"/subscription_rates"}
REQUESTING PAGE: GET / with {} and HTTP headers {}
REQUESTING PAGE: GET / with {} and HTTP headers {"HTTP_REFERER"=>"/"}
REQUESTING PAGE: GET /about with {} and HTTP headers {"HTTP_REFERER"=>"/"}
REQUESTING PAGE: GET /contact with {} and HTTP headers {"HTTP_REFERER"=>"/about"}
REQUESTING PAGE: GET /endorsements with {} and HTTP headers {"HTTP_REFERER"=>"/contact"}
REQUESTING PAGE: GET /free_trial with {} and HTTP headers {"HTTP_REFERER"=>"/endorsements"}
REQUESTING PAGE: GET /join with {} and HTTP headers {"HTTP_REFERER"=>"/free_trial"}
REQUESTING PAGE: GET /links with {} and HTTP headers {"HTTP_REFERER"=>"/join"}
REQUESTING PAGE: GET /member_orchestras with {} and HTTP headers {"HTTP_REFERER"=>"/links"}
REQUESTING PAGE: GET /privacy_policy with {} and HTTP headers {"HTTP_REFERER"=>"/member_orchestras"}
REQUESTING PAGE: GET /subscription_rates with {} and HTTP headers {"HTTP_REFERER"=>"/privacy_policy"}
REQUESTING PAGE: GET /terms with {} and HTTP headers {"HTTP_REFERER"=>"/subscription_rates"}
REQUESTING PAGE: GET / with {} and HTTP headers {}
REQUESTING PAGE: GET / with {} and HTTP headers {"HTTP_REFERER"=>"/"}
REQUESTING PAGE: GET /about with {} and HTTP headers {"HTTP_REFERER"=>"/"}
REQUESTING PAGE: GET /contact with {} and HTTP headers {"HTTP_REFERER"=>"/about"}
REQUESTING PAGE: GET /endorsements with {} and HTTP headers {"HTTP_REFERER"=>"/contact"}
REQUESTING PAGE: GET /free_trial with {} and HTTP headers {"HTTP_REFERER"=>"/endorsements"}
REQUESTING PAGE: GET /join with {} and HTTP headers {"HTTP_REFERER"=>"/free_trial"}
REQUESTING PAGE: GET /links with {} and HTTP headers {"HTTP_REFERER"=>"/join"}
REQUESTING PAGE: GET /member_orchestras with {} and HTTP headers {"HTTP_REFERER"=>"/links"}
REQUESTING PAGE: GET /privacy_policy with {} and HTTP headers {"HTTP_REFERER"=>"/member_orchestras"}
REQUESTING PAGE: GET /subscription_rates with {} and HTTP headers {"HTTP_REFERER"=>"/privacy_policy"}
REQUESTING PAGE: GET /terms with {} and HTTP headers {"HTTP_REFERER"=>"/subscription_rates"}
REQUESTING PAGE: GET / with {} and HTTP headers {}
REQUESTING PAGE: GET / with {} and HTTP headers {"HTTP_REFERER"=>"/"}
REQUESTING PAGE: GET /about with {} and HTTP headers {"HTTP_REFERER"=>"/"}
REQUESTING PAGE: GET /contact with {} and HTTP headers {"HTTP_REFERER"=>"/about"}
REQUESTING PAGE: GET /endorsements with {} and HTTP headers {"HTTP_REFERER"=>"/contact"}
REQUESTING PAGE: GET /free_trial with {} and HTTP headers {"HTTP_REFERER"=>"/endorsements"}
REQUESTING PAGE: GET /join with {} and HTTP headers {"HTTP_REFERER"=>"/free_trial"}
REQUESTING PAGE: GET /links with {} and HTTP headers {"HTTP_REFERER"=>"/join"}
REQUESTING PAGE: GET /member_orchestras with {} and HTTP headers {"HTTP_REFERER"=>"/links"}
REQUESTING PAGE: GET /privacy_policy with {} and HTTP headers {"HTTP_REFERER"=>"/member_orchestras"}
REQUESTING PAGE: GET /subscription_rates with {} and HTTP headers {"HTTP_REFERER"=>"/privacy_policy"}
REQUESTING PAGE: GET /terms with {} and HTTP headers {"HTTP_REFERER"=>"/subscription_rates"}
REQUESTING PAGE: GET / with {} and HTTP headers {}
REQUESTING PAGE: GET / with {} and HTTP headers {"HTTP_REFERER"=>"/"}
REQUESTING PAGE: GET /about with {} and HTTP headers {"HTTP_REFERER"=>"/"}
REQUESTING PAGE: GET /contact with {} and HTTP headers {"HTTP_REFERER"=>"/about"}
REQUESTING PAGE: GET /endorsements with {} and HTTP headers {"HTTP_REFERER"=>"/contact"}
REQUESTING PAGE: GET /free_trial with {} and HTTP headers {"HTTP_REFERER"=>"/endorsements"}
REQUESTING PAGE: GET /join with {} and HTTP headers {"HTTP_REFERER"=>"/free_trial"}
REQUESTING PAGE: GET /links with {} and HTTP headers {"HTTP_REFERER"=>"/join"}
REQUESTING PAGE: GET /member_orchestras with {} and HTTP headers {"HTTP_REFERER"=>"/links"}
REQUESTING PAGE: GET /privacy_policy with {} and HTTP headers {"HTTP_REFERER"=>"/member_orchestras"}
REQUESTING PAGE: GET /subscription_rates with {} and HTTP headers {"HTTP_REFERER"=>"/privacy_policy"}
REQUESTING PAGE: GET /terms with {} and HTTP headers {"HTTP_REFERER"=>"/subscription_rates"}
REQUESTING PAGE: GET / with {} and HTTP headers {}
REQUESTING PAGE: GET / with {} and HTTP headers {"HTTP_REFERER"=>"/"}
REQUESTING PAGE: GET /about with {} and HTTP headers {"HTTP_REFERER"=>"/"}
REQUESTING PAGE: GET /contact with {} and HTTP headers {"HTTP_REFERER"=>"/about"}
REQUESTING PAGE: GET /endorsements with {} and HTTP headers {"HTTP_REFERER"=>"/contact"}
REQUESTING PAGE: GET /free_trial with {} and HTTP headers {"HTTP_REFERER"=>"/endorsements"}
REQUESTING PAGE: GET /join with {} and HTTP headers {"HTTP_REFERER"=>"/free_trial"}
REQUESTING PAGE: GET /links with {} and HTTP headers {"HTTP_REFERER"=>"/join"}
REQUESTING PAGE: GET /member_orchestras with {} and HTTP headers {"HTTP_REFERER"=>"/links"}
REQUESTING PAGE: GET /privacy_policy with {} and HTTP headers {"HTTP_REFERER"=>"/member_orchestras"}
REQUESTING PAGE: GET /subscription_rates with {} and HTTP headers {"HTTP_REFERER"=>"/privacy_policy"}
REQUESTING PAGE: GET /terms with {} and HTTP headers {"HTTP_REFERER"=>"/subscription_rates"}
REQUESTING PAGE: GET / with {} and HTTP headers {}
REQUESTING PAGE: GET / with {} and HTTP headers {"HTTP_REFERER"=>"/"}
REQUESTING PAGE: GET /about with {} and HTTP headers {"HTTP_REFERER"=>"/"}
REQUESTING PAGE: GET /contact with {} and HTTP headers {"HTTP_REFERER"=>"/about"}
REQUESTING PAGE: GET /endorsements with {} and HTTP headers {"HTTP_REFERER"=>"/contact"}
REQUESTING PAGE: GET /free_trial with {} and HTTP headers {"HTTP_REFERER"=>"/endorsements"}
REQUESTING PAGE: GET /join with {} and HTTP headers {"HTTP_REFERER"=>"/free_trial"}
REQUESTING PAGE: GET /links with {} and HTTP headers {"HTTP_REFERER"=>"/join"}
REQUESTING PAGE: GET /member_orchestras with {} and HTTP headers {"HTTP_REFERER"=>"/links"}
REQUESTING PAGE: GET /privacy_policy with {} and HTTP headers {"HTTP_REFERER"=>"/member_orchestras"}
REQUESTING PAGE: GET /subscription_rates with {} and HTTP headers {"HTTP_REFERER"=>"/privacy_policy"}
REQUESTING PAGE: GET /terms with {} and HTTP headers {"HTTP_REFERER"=>"/subscription_rates"}
REQUESTING PAGE: GET / with {} and HTTP headers {}
REQUESTING PAGE: GET / with {} and HTTP headers {"HTTP_REFERER"=>"/"}
REQUESTING PAGE: GET /about with {} and HTTP headers {"HTTP_REFERER"=>"/"}
REQUESTING PAGE: GET /contact with {} and HTTP headers {"HTTP_REFERER"=>"/about"}
REQUESTING PAGE: GET /endorsements with {} and HTTP headers {"HTTP_REFERER"=>"/contact"}
REQUESTING PAGE: GET /free_trial with {} and HTTP headers {"HTTP_REFERER"=>"/endorsements"}
REQUESTING PAGE: GET /join with {} and HTTP headers {"HTTP_REFERER"=>"/free_trial"}
REQUESTING PAGE: GET /links with {} and HTTP headers {"HTTP_REFERER"=>"/join"}
REQUESTING PAGE: GET /member_orchestras with {} and HTTP headers {"HTTP_REFERER"=>"/links"}
REQUESTING PAGE: GET /privacy_policy with {} and HTTP headers {"HTTP_REFERER"=>"/member_orchestras"}
REQUESTING PAGE: GET /subscription_rates with {} and HTTP headers {"HTTP_REFERER"=>"/privacy_policy"}
REQUESTING PAGE: GET /terms with {} and HTTP headers {"HTTP_REFERER"=>"/subscription_rates"}
REQUESTING PAGE: GET / with {} and HTTP headers {}
REQUESTING PAGE: GET / with {} and HTTP headers {"HTTP_REFERER"=>"/"}
REQUESTING PAGE: GET /about with {} and HTTP headers {"HTTP_REFERER"=>"/"}
REQUESTING PAGE: GET /contact with {} and HTTP headers {"HTTP_REFERER"=>"/about"}
REQUESTING PAGE: GET /endorsements with {} and HTTP headers {"HTTP_REFERER"=>"/contact"}
REQUESTING PAGE: GET /free_trial with {} and HTTP headers {"HTTP_REFERER"=>"/endorsements"}
REQUESTING PAGE: GET /join with {} and HTTP headers {"HTTP_REFERER"=>"/free_trial"}
REQUESTING PAGE: GET /links with {} and HTTP headers {"HTTP_REFERER"=>"/join"}
REQUESTING PAGE: GET /member_orchestras with {} and HTTP headers {"HTTP_REFERER"=>"/links"}
REQUESTING PAGE: GET /privacy_policy with {} and HTTP headers {"HTTP_REFERER"=>"/member_orchestras"}
REQUESTING PAGE: GET /subscription_rates with {} and HTTP headers {"HTTP_REFERER"=>"/privacy_policy"}
REQUESTING PAGE: GET /terms with {} and HTTP headers {"HTTP_REFERER"=>"/subscription_rates"}
REQUESTING PAGE: GET / with {} and HTTP headers {}
REQUESTING PAGE: GET / with {} and HTTP headers {"HTTP_REFERER"=>"/"}
REQUESTING PAGE: GET /about with {} and HTTP headers {"HTTP_REFERER"=>"/"}
REQUESTING PAGE: GET /contact with {} and HTTP headers {"HTTP_REFERER"=>"/about"}
REQUESTING PAGE: GET /endorsements with {} and HTTP headers {"HTTP_REFERER"=>"/contact"}
REQUESTING PAGE: GET /free_trial with {} and HTTP headers {"HTTP_REFERER"=>"/endorsements"}
REQUESTING PAGE: GET /join with {} and HTTP headers {"HTTP_REFERER"=>"/free_trial"}
REQUESTING PAGE: GET /links with {} and HTTP headers {"HTTP_REFERER"=>"/join"}
REQUESTING PAGE: GET /member_orchestras with {} and HTTP headers {"HTTP_REFERER"=>"/links"}
REQUESTING PAGE: GET /privacy_policy with {} and HTTP headers {"HTTP_REFERER"=>"/member_orchestras"}
REQUESTING PAGE: GET /subscription_rates with {} and HTTP headers {"HTTP_REFERER"=>"/privacy_policy"}
REQUESTING PAGE: GET /terms with {} and HTTP headers {"HTTP_REFERER"=>"/subscription_rates"}
REQUESTING PAGE: GET / with {} and HTTP headers {}
REQUESTING PAGE: GET / with {} and HTTP headers {"HTTP_REFERER"=>"/"}
REQUESTING PAGE: GET /about with {} and HTTP headers {"HTTP_REFERER"=>"/"}
REQUESTING PAGE: GET /contact with {} and HTTP headers {"HTTP_REFERER"=>"/about"}
REQUESTING PAGE: GET /endorsements with {} and HTTP headers {"HTTP_REFERER"=>"/contact"}
REQUESTING PAGE: GET /free_trial with {} and HTTP headers {"HTTP_REFERER"=>"/endorsements"}
REQUESTING PAGE: GET /join with {} and HTTP headers {"HTTP_REFERER"=>"/free_trial"}
REQUESTING PAGE: GET /links with {} and HTTP headers {"HTTP_REFERER"=>"/join"}
REQUESTING PAGE: GET /member_orchestras with {} and HTTP headers {"HTTP_REFERER"=>"/links"}
REQUESTING PAGE: GET /privacy_policy with {} and HTTP headers {"HTTP_REFERER"=>"/member_orchestras"}
REQUESTING PAGE: GET /subscription_rates with {} and HTTP headers {"HTTP_REFERER"=>"/privacy_policy"}
REQUESTING PAGE: GET /terms with {} and HTTP headers {"HTTP_REFERER"=>"/subscription_rates"}
REQUESTING PAGE: GET / with {} and HTTP headers {}
REQUESTING PAGE: GET / with {} and HTTP headers {"HTTP_REFERER"=>"/"}
REQUESTING PAGE: GET /about with {} and HTTP headers {"HTTP_REFERER"=>"/"}
REQUESTING PAGE: GET /contact with {} and HTTP headers {"HTTP_REFERER"=>"/about"}
REQUESTING PAGE: GET /endorsements with {} and HTTP headers {"HTTP_REFERER"=>"/contact"}
REQUESTING PAGE: GET /free_trial with {} and HTTP headers {"HTTP_REFERER"=>"/endorsements"}
REQUESTING PAGE: GET /join with {} and HTTP headers {"HTTP_REFERER"=>"/free_trial"}
REQUESTING PAGE: GET /links with {} and HTTP headers {"HTTP_REFERER"=>"/join"}
REQUESTING PAGE: GET /member_orchestras with {} and HTTP headers {"HTTP_REFERER"=>"/links"}
REQUESTING PAGE: GET /privacy_policy with {} and HTTP headers {"HTTP_REFERER"=>"/member_orchestras"}
REQUESTING PAGE: GET /subscription_rates with {} and HTTP headers {"HTTP_REFERER"=>"/privacy_policy"}
REQUESTING PAGE: GET /terms with {} and HTTP headers {"HTTP_REFERER"=>"/subscription_rates"}
REQUESTING PAGE: GET / with {} and HTTP headers {}
REQUESTING PAGE: GET / with {} and HTTP headers {"HTTP_REFERER"=>"/"}
REQUESTING PAGE: GET /about with {} and HTTP headers {"HTTP_REFERER"=>"/"}
REQUESTING PAGE: GET /contact with {} and HTTP headers {"HTTP_REFERER"=>"/about"}
REQUESTING PAGE: GET /endorsements with {} and HTTP headers {"HTTP_REFERER"=>"/contact"}
REQUESTING PAGE: GET /free_trial with {} and HTTP headers {"HTTP_REFERER"=>"/endorsements"}
REQUESTING PAGE: GET /join with {} and HTTP headers {"HTTP_REFERER"=>"/free_trial"}
REQUESTING PAGE: GET /links with {} and HTTP headers {"HTTP_REFERER"=>"/join"}
REQUESTING PAGE: GET /member_orchestras with {} and HTTP headers {"HTTP_REFERER"=>"/links"}
REQUESTING PAGE: GET /privacy_policy with {} and HTTP headers {"HTTP_REFERER"=>"/member_orchestras"}
REQUESTING PAGE: GET /subscription_rates with {} and HTTP headers {"HTTP_REFERER"=>"/privacy_policy"}
REQUESTING PAGE: GET /terms with {} and HTTP headers {"HTTP_REFERER"=>"/subscription_rates"}
REQUESTING PAGE: GET / with {} and HTTP headers {}
REQUESTING PAGE: GET / with {} and HTTP headers {"HTTP_REFERER"=>"/"}
REQUESTING PAGE: GET /about with {} and HTTP headers {"HTTP_REFERER"=>"/"}
REQUESTING PAGE: GET /contact with {} and HTTP headers {"HTTP_REFERER"=>"/about"}
REQUESTING PAGE: GET /endorsements with {} and HTTP headers {"HTTP_REFERER"=>"/contact"}
REQUESTING PAGE: GET /free_trial with {} and HTTP headers {"HTTP_REFERER"=>"/endorsements"}
REQUESTING PAGE: GET /join with {} and HTTP headers {"HTTP_REFERER"=>"/free_trial"}
REQUESTING PAGE: GET /links with {} and HTTP headers {"HTTP_REFERER"=>"/join"}
REQUESTING PAGE: GET /member_orchestras with {} and HTTP headers {"HTTP_REFERER"=>"/links"}
REQUESTING PAGE: GET /privacy_policy with {} and HTTP headers {"HTTP_REFERER"=>"/member_orchestras"}
REQUESTING PAGE: GET /subscription_rates with {} and HTTP headers {"HTTP_REFERER"=>"/privacy_policy"}
REQUESTING PAGE: GET /terms with {} and HTTP headers {"HTTP_REFERER"=>"/subscription_rates"}
REQUESTING PAGE: GET / with {} and HTTP headers {}
REQUESTING PAGE: GET / with {} and HTTP headers {"HTTP_REFERER"=>"/"}
REQUESTING PAGE: GET /about with {} and HTTP headers {"HTTP_REFERER"=>"/"}
REQUESTING PAGE: GET /contact with {} and HTTP headers {"HTTP_REFERER"=>"/about"}
REQUESTING PAGE: GET /endorsements with {} and HTTP headers {"HTTP_REFERER"=>"/contact"}
REQUESTING PAGE: GET /free_trial with {} and HTTP headers {"HTTP_REFERER"=>"/endorsements"}
REQUESTING PAGE: GET /join with {} and HTTP headers {"HTTP_REFERER"=>"/free_trial"}
REQUESTING PAGE: GET /links with {} and HTTP headers {"HTTP_REFERER"=>"/join"}
REQUESTING PAGE: GET /member_orchestras with {} and HTTP headers {"HTTP_REFERER"=>"/links"}
REQUESTING PAGE: GET /privacy_policy with {} and HTTP headers {"HTTP_REFERER"=>"/member_orchestras"}
REQUESTING PAGE: GET /subscription_rates with {} and HTTP headers {"HTTP_REFERER"=>"/privacy_policy"}
REQUESTING PAGE: GET /terms with {} and HTTP headers {"HTTP_REFERER"=>"/subscription_rates"}
REQUESTING PAGE: GET / with {} and HTTP headers {}
REQUESTING PAGE: GET / with {} and HTTP headers {"HTTP_REFERER"=>"/"}
REQUESTING PAGE: GET /about with {} and HTTP headers {"HTTP_REFERER"=>"/"}
REQUESTING PAGE: GET /contact with {} and HTTP headers {"HTTP_REFERER"=>"/about"}
REQUESTING PAGE: GET /endorsements with {} and HTTP headers {"HTTP_REFERER"=>"/contact"}
REQUESTING PAGE: GET /free_trial with {} and HTTP headers {"HTTP_REFERER"=>"/endorsements"}
REQUESTING PAGE: GET /join with {} and HTTP headers {"HTTP_REFERER"=>"/free_trial"}
REQUESTING PAGE: GET /links with {} and HTTP headers {"HTTP_REFERER"=>"/join"}
REQUESTING PAGE: GET /member_orchestras with {} and HTTP headers {"HTTP_REFERER"=>"/links"}
REQUESTING PAGE: GET /privacy_policy with {} and HTTP headers {"HTTP_REFERER"=>"/member_orchestras"}
REQUESTING PAGE: GET /subscription_rates with {} and HTTP headers {"HTTP_REFERER"=>"/privacy_policy"}
REQUESTING PAGE: GET /terms with {} and HTTP headers {"HTTP_REFERER"=>"/subscription_rates"}
REQUESTING PAGE: GET / with {} and HTTP headers {}
REQUESTING PAGE: GET / with {} and HTTP headers {"HTTP_REFERER"=>"/"}
REQUESTING PAGE: GET /about with {} and HTTP headers {"HTTP_REFERER"=>"/"}
REQUESTING PAGE: GET /contact with {} and HTTP headers {"HTTP_REFERER"=>"/about"}
REQUESTING PAGE: GET /endorsements with {} and HTTP headers {"HTTP_REFERER"=>"/contact"}
REQUESTING PAGE: GET /free_trial with {} and HTTP headers {"HTTP_REFERER"=>"/endorsements"}
REQUESTING PAGE: GET /join with {} and HTTP headers {"HTTP_REFERER"=>"/free_trial"}
REQUESTING PAGE: GET /links with {} and HTTP headers {"HTTP_REFERER"=>"/join"}
REQUESTING PAGE: GET /member_orchestras with {} and HTTP headers {"HTTP_REFERER"=>"/links"}
REQUESTING PAGE: GET /privacy_policy with {} and HTTP headers {"HTTP_REFERER"=>"/member_orchestras"}
REQUESTING PAGE: GET /subscription_rates with {} and HTTP headers {"HTTP_REFERER"=>"/privacy_policy"}
REQUESTING PAGE: GET /terms with {} and HTTP headers {"HTTP_REFERER"=>"/subscription_rates"}
REQUESTING PAGE: GET / with {} and HTTP headers {}
REQUESTING PAGE: GET / with {} and HTTP headers {"HTTP_REFERER"=>"/"}
REQUESTING PAGE: GET /about with {} and HTTP headers {"HTTP_REFERER"=>"/"}
REQUESTING PAGE: GET /contact with {} and HTTP headers {"HTTP_REFERER"=>"/about"}
REQUESTING PAGE: GET /endorsements with {} and HTTP headers {"HTTP_REFERER"=>"/contact"}
REQUESTING PAGE: GET /free_trial with {} and HTTP headers {"HTTP_REFERER"=>"/endorsements"}
REQUESTING PAGE: GET /join with {} and HTTP headers {"HTTP_REFERER"=>"/free_trial"}
REQUESTING PAGE: GET /links with {} and HTTP headers {"HTTP_REFERER"=>"/join"}
REQUESTING PAGE: GET /member_orchestras with {} and HTTP headers {"HTTP_REFERER"=>"/links"}
REQUESTING PAGE: GET /privacy_policy with {} and HTTP headers {"HTTP_REFERER"=>"/member_orchestras"}
REQUESTING PAGE: GET /subscription_rates with {} and HTTP headers {"HTTP_REFERER"=>"/privacy_policy"}
REQUESTING PAGE: GET /terms with {} and HTTP headers {"HTTP_REFERER"=>"/subscription_rates"}
REQUESTING PAGE: GET / with {} and HTTP headers {}
REQUESTING PAGE: GET / with {} and HTTP headers {"HTTP_REFERER"=>"/"}
REQUESTING PAGE: GET /about with {} and HTTP headers {"HTTP_REFERER"=>"/"}
REQUESTING PAGE: GET /contact with {} and HTTP headers {"HTTP_REFERER"=>"/about"}
REQUESTING PAGE: GET /endorsements with {} and HTTP headers {"HTTP_REFERER"=>"/contact"}
REQUESTING PAGE: GET /free_trial with {} and HTTP headers {"HTTP_REFERER"=>"/endorsements"}
REQUESTING PAGE: GET /join with {} and HTTP headers {"HTTP_REFERER"=>"/free_trial"}
REQUESTING PAGE: GET /links with {} and HTTP headers {"HTTP_REFERER"=>"/join"}
REQUESTING PAGE: GET /member_orchestras with {} and HTTP headers {"HTTP_REFERER"=>"/links"}
REQUESTING PAGE: GET /privacy_policy with {} and HTTP headers {"HTTP_REFERER"=>"/member_orchestras"}
REQUESTING PAGE: GET /subscription_rates with {} and HTTP headers {"HTTP_REFERER"=>"/privacy_policy"}
REQUESTING PAGE: GET /terms with {} and HTTP headers {"HTTP_REFERER"=>"/subscription_rates"}
REQUESTING PAGE: GET / with {} and HTTP headers {}
REQUESTING PAGE: GET / with {} and HTTP headers {"HTTP_REFERER"=>"/"}
REQUESTING PAGE: GET /about with {} and HTTP headers {"HTTP_REFERER"=>"/"}
REQUESTING PAGE: GET /contact with {} and HTTP headers {"HTTP_REFERER"=>"/about"}
REQUESTING PAGE: GET /endorsements with {} and HTTP headers {"HTTP_REFERER"=>"/contact"}
REQUESTING PAGE: GET /free_trial with {} and HTTP headers {"HTTP_REFERER"=>"/endorsements"}
REQUESTING PAGE: GET /join with {} and HTTP headers {"HTTP_REFERER"=>"/free_trial"}
REQUESTING PAGE: GET /links with {} and HTTP headers {"HTTP_REFERER"=>"/join"}
REQUESTING PAGE: GET /member_orchestras with {} and HTTP headers {"HTTP_REFERER"=>"/links"}
REQUESTING PAGE: GET /privacy_policy with {} and HTTP headers {"HTTP_REFERER"=>"/member_orchestras"}
REQUESTING PAGE: GET /subscription_rates with {} and HTTP headers {"HTTP_REFERER"=>"/privacy_policy"}
REQUESTING PAGE: GET /terms with {} and HTTP headers {"HTTP_REFERER"=>"/subscription_rates"}
REQUESTING PAGE: GET / with {} and HTTP headers {}
REQUESTING PAGE: GET / with {} and HTTP headers {"HTTP_REFERER"=>"/"}
REQUESTING PAGE: GET /about with {} and HTTP headers {"HTTP_REFERER"=>"/"}
REQUESTING PAGE: GET /contact with {} and HTTP headers {"HTTP_REFERER"=>"/about"}
REQUESTING PAGE: GET /endorsements with {} and HTTP headers {"HTTP_REFERER"=>"/contact"}
REQUESTING PAGE: GET /free_trial with {} and HTTP headers {"HTTP_REFERER"=>"/endorsements"}
REQUESTING PAGE: GET /join with {} and HTTP headers {"HTTP_REFERER"=>"/free_trial"}
REQUESTING PAGE: GET /links with {} and HTTP headers {"HTTP_REFERER"=>"/join"}
REQUESTING PAGE: GET /member_orchestras with {} and HTTP headers {"HTTP_REFERER"=>"/links"}
REQUESTING PAGE: GET /privacy_policy with {} and HTTP headers {"HTTP_REFERER"=>"/member_orchestras"}
REQUESTING PAGE: GET /subscription_rates with {} and HTTP headers {"HTTP_REFERER"=>"/privacy_policy"}
REQUESTING PAGE: GET /terms with {} and HTTP headers {"HTTP_REFERER"=>"/subscription_rates"}
REQUESTING PAGE: GET / with {} and HTTP headers {}
REQUESTING PAGE: GET / with {} and HTTP headers {"HTTP_REFERER"=>"/"}
REQUESTING PAGE: GET /about with {} and HTTP headers {"HTTP_REFERER"=>"/"}
REQUESTING PAGE: GET /contact with {} and HTTP headers {"HTTP_REFERER"=>"/about"}
REQUESTING PAGE: GET /endorsements with {} and HTTP headers {"HTTP_REFERER"=>"/contact"}
REQUESTING PAGE: GET /free_trial with {} and HTTP headers {"HTTP_REFERER"=>"/endorsements"}
REQUESTING PAGE: GET /join with {} and HTTP headers {"HTTP_REFERER"=>"/free_trial"}
REQUESTING PAGE: GET /links with {} and HTTP headers {"HTTP_REFERER"=>"/join"}
REQUESTING PAGE: GET /member_orchestras with {} and HTTP headers {"HTTP_REFERER"=>"/links"}
REQUESTING PAGE: GET /privacy_policy with {} and HTTP headers {"HTTP_REFERER"=>"/member_orchestras"}
REQUESTING PAGE: GET /subscription_rates with {} and HTTP headers {"HTTP_REFERER"=>"/privacy_policy"}
REQUESTING PAGE: GET /terms with {} and HTTP headers {"HTTP_REFERER"=>"/subscription_rates"}
REQUESTING PAGE: GET / with {} and HTTP headers {}
REQUESTING PAGE: GET / with {} and HTTP headers {"HTTP_REFERER"=>"/"}
REQUESTING PAGE: GET /about with {} and HTTP headers {"HTTP_REFERER"=>"/"}
REQUESTING PAGE: GET /contact with {} and HTTP headers {"HTTP_REFERER"=>"/about"}
REQUESTING PAGE: GET /endorsements with {} and HTTP headers {"HTTP_REFERER"=>"/contact"}
REQUESTING PAGE: GET /free_trial with {} and HTTP headers {"HTTP_REFERER"=>"/endorsements"}
REQUESTING PAGE: GET /join with {} and HTTP headers {"HTTP_REFERER"=>"/free_trial"}
REQUESTING PAGE: GET /links with {} and HTTP headers {"HTTP_REFERER"=>"/join"}
REQUESTING PAGE: GET /member_orchestras with {} and HTTP headers {"HTTP_REFERER"=>"/links"}
REQUESTING PAGE: GET /privacy_policy with {} and HTTP headers {"HTTP_REFERER"=>"/member_orchestras"}
REQUESTING PAGE: GET /subscription_rates with {} and HTTP headers {"HTTP_REFERER"=>"/privacy_policy"}
REQUESTING PAGE: GET /terms with {} and HTTP headers {"HTTP_REFERER"=>"/subscription_rates"}
REQUESTING PAGE: GET / with {} and HTTP headers {}
REQUESTING PAGE: GET / with {} and HTTP headers {"HTTP_REFERER"=>"/"}
REQUESTING PAGE: GET /about with {} and HTTP headers {"HTTP_REFERER"=>"/"}
REQUESTING PAGE: GET /contact with {} and HTTP headers {"HTTP_REFERER"=>"/about"}
REQUESTING PAGE: GET /endorsements with {} and HTTP headers {"HTTP_REFERER"=>"/contact"}
REQUESTING PAGE: GET /free_trial with {} and HTTP headers {"HTTP_REFERER"=>"/endorsements"}
REQUESTING PAGE: GET /join with {} and HTTP headers {"HTTP_REFERER"=>"/free_trial"}
REQUESTING PAGE: GET /links with {} and HTTP headers {"HTTP_REFERER"=>"/join"}
REQUESTING PAGE: GET /member_orchestras with {} and HTTP headers {"HTTP_REFERER"=>"/links"}
REQUESTING PAGE: GET /privacy_policy with {} and HTTP headers {"HTTP_REFERER"=>"/member_orchestras"}
REQUESTING PAGE: GET /subscription_rates with {} and HTTP headers {"HTTP_REFERER"=>"/privacy_policy"}
REQUESTING PAGE: GET /terms with {} and HTTP headers {"HTTP_REFERER"=>"/subscription_rates"}
REQUESTING PAGE: GET / with {} and HTTP headers {}
REQUESTING PAGE: GET / with {} and HTTP headers {"HTTP_REFERER"=>"/"}
REQUESTING PAGE: GET /about with {} and HTTP headers {"HTTP_REFERER"=>"/"}
REQUESTING PAGE: GET /contact with {} and HTTP headers {"HTTP_REFERER"=>"/about"}
REQUESTING PAGE: GET /endorsements with {} and HTTP headers {"HTTP_REFERER"=>"/contact"}
REQUESTING PAGE: GET /free_trial with {} and HTTP headers {"HTTP_REFERER"=>"/endorsements"}
REQUESTING PAGE: GET /join with {} and HTTP headers {"HTTP_REFERER"=>"/free_trial"}
REQUESTING PAGE: GET /links with {} and HTTP headers {"HTTP_REFERER"=>"/join"}
REQUESTING PAGE: GET /member_orchestras with {} and HTTP headers {"HTTP_REFERER"=>"/links"}
REQUESTING PAGE: GET /privacy_policy with {} and HTTP headers {"HTTP_REFERER"=>"/member_orchestras"}
REQUESTING PAGE: GET /subscription_rates with {} and HTTP headers {"HTTP_REFERER"=>"/privacy_policy"}
REQUESTING PAGE: GET /terms with {} and HTTP headers {"HTTP_REFERER"=>"/subscription_rates"}
REQUESTING PAGE: GET / with {} and HTTP headers {}
REQUESTING PAGE: GET / with {} and HTTP headers {"HTTP_REFERER"=>"/"}
REQUESTING PAGE: GET /about with {} and HTTP headers {"HTTP_REFERER"=>"/"}
REQUESTING PAGE: GET /contact with {} and HTTP headers {"HTTP_REFERER"=>"/about"}
REQUESTING PAGE: GET /endorsements with {} and HTTP headers {"HTTP_REFERER"=>"/contact"}
REQUESTING PAGE: GET /free_trial with {} and HTTP headers {"HTTP_REFERER"=>"/endorsements"}
REQUESTING PAGE: GET /join with {} and HTTP headers {"HTTP_REFERER"=>"/free_trial"}
REQUESTING PAGE: GET /links with {} and HTTP headers {"HTTP_REFERER"=>"/join"}
REQUESTING PAGE: GET /member_orchestras with {} and HTTP headers {"HTTP_REFERER"=>"/links"}
REQUESTING PAGE: GET /privacy_policy with {} and HTTP headers {"HTTP_REFERER"=>"/member_orchestras"}
REQUESTING PAGE: GET /subscription_rates with {} and HTTP headers {"HTTP_REFERER"=>"/privacy_policy"}
REQUESTING PAGE: GET /terms with {} and HTTP headers {"HTTP_REFERER"=>"/subscription_rates"}
REQUESTING PAGE: GET / with {} and HTTP headers {}
REQUESTING PAGE: GET / with {} and HTTP headers {"HTTP_REFERER"=>"/"}
REQUESTING PAGE: GET /about with {} and HTTP headers {"HTTP_REFERER"=>"/"}
REQUESTING PAGE: GET /contact with {} and HTTP headers {"HTTP_REFERER"=>"/about"}
REQUESTING PAGE: GET /endorsements with {} and HTTP headers {"HTTP_REFERER"=>"/contact"}
REQUESTING PAGE: GET /free_trial with {} and HTTP headers {"HTTP_REFERER"=>"/endorsements"}
REQUESTING PAGE: GET /join with {} and HTTP headers {"HTTP_REFERER"=>"/free_trial"}
REQUESTING PAGE: GET /links with {} and HTTP headers {"HTTP_REFERER"=>"/join"}
REQUESTING PAGE: GET /member_orchestras with {} and HTTP headers {"HTTP_REFERER"=>"/links"}
REQUESTING PAGE: GET /privacy_policy with {} and HTTP headers {"HTTP_REFERER"=>"/member_orchestras"}
REQUESTING PAGE: GET /subscription_rates with {} and HTTP headers {"HTTP_REFERER"=>"/privacy_policy"}
REQUESTING PAGE: GET /terms with {} and HTTP headers {"HTTP_REFERER"=>"/subscription_rates"}
REQUESTING PAGE: GET / with {} and HTTP headers {}
REQUESTING PAGE: GET / with {} and HTTP headers {"HTTP_REFERER"=>"/"}
REQUESTING PAGE: GET /about with {} and HTTP headers {"HTTP_REFERER"=>"/"}
REQUESTING PAGE: GET / with {} and HTTP headers {}
REQUESTING PAGE: GET / with {} and HTTP headers {"HTTP_REFERER"=>"/"}
REQUESTING PAGE: GET /about with {} and HTTP headers {"HTTP_REFERER"=>"/"}
REQUESTING PAGE: GET /contact with {} and HTTP headers {"HTTP_REFERER"=>"/about"}
REQUESTING PAGE: GET /endorsements with {} and HTTP headers {"HTTP_REFERER"=>"/contact"}
REQUESTING PAGE: GET /free_trial with {} and HTTP headers {"HTTP_REFERER"=>"/endorsements"}
REQUESTING PAGE: GET /join with {} and HTTP headers {"HTTP_REFERER"=>"/free_trial"}
REQUESTING PAGE: GET /links with {} and HTTP headers {"HTTP_REFERER"=>"/join"}
REQUESTING PAGE: GET /member_orchestras with {} and HTTP headers {"HTTP_REFERER"=>"/links"}
REQUESTING PAGE: GET /privacy_policy with {} and HTTP headers {"HTTP_REFERER"=>"/member_orchestras"}
REQUESTING PAGE: GET /subscription_rates with {} and HTTP headers {"HTTP_REFERER"=>"/privacy_policy"}
REQUESTING PAGE: GET /terms with {} and HTTP headers {"HTTP_REFERER"=>"/subscription_rates"}
REQUESTING PAGE: GET / with {} and HTTP headers {}
REQUESTING PAGE: GET / with {} and HTTP headers {"HTTP_REFERER"=>"/"}
REQUESTING PAGE: GET /about with {} and HTTP headers {"HTTP_REFERER"=>"/"}
REQUESTING PAGE: GET /contact with {} and HTTP headers {"HTTP_REFERER"=>"/about"}
REQUESTING PAGE: GET /endorsements with {} and HTTP headers {"HTTP_REFERER"=>"/contact"}
REQUESTING PAGE: GET /free_trial with {} and HTTP headers {"HTTP_REFERER"=>"/endorsements"}
REQUESTING PAGE: GET /join with {} and HTTP headers {"HTTP_REFERER"=>"/free_trial"}
REQUESTING PAGE: GET /links with {} and HTTP headers {"HTTP_REFERER"=>"/join"}
REQUESTING PAGE: GET /member_orchestras with {} and HTTP headers {"HTTP_REFERER"=>"/links"}
REQUESTING PAGE: GET /privacy_policy with {} and HTTP headers {"HTTP_REFERER"=>"/member_orchestras"}
REQUESTING PAGE: GET /subscription_rates with {} and HTTP headers {"HTTP_REFERER"=>"/privacy_policy"}
REQUESTING PAGE: GET /terms with {} and HTTP headers {"HTTP_REFERER"=>"/subscription_rates"}
>>>>>>> modeling-users
REQUESTING PAGE: GET / with {} and HTTP headers {}
REQUESTING PAGE: GET / with {} and HTTP headers {"HTTP_REFERER"=>"/"}
REQUESTING PAGE: GET /about with {} and HTTP headers {"HTTP_REFERER"=>"/"}
REQUESTING PAGE: GET /contact with {} and HTTP headers {"HTTP_REFERER"=>"/about"}
REQUESTING PAGE: GET /endorsements with {} and HTTP headers {"HTTP_REFERER"=>"/contact"}
REQUESTING PAGE: GET /free_trial with {} and HTTP headers {"HTTP_REFERER"=>"/endorsements"}
REQUESTING PAGE: GET /join with {} and HTTP headers {"HTTP_REFERER"=>"/free_trial"}
REQUESTING PAGE: GET /links with {} and HTTP headers {"HTTP_REFERER"=>"/join"}
REQUESTING PAGE: GET /member_orchestras with {} and HTTP headers {"HTTP_REFERER"=>"/links"}
REQUESTING PAGE: GET /privacy_policy with {} and HTTP headers {"HTTP_REFERER"=>"/member_orchestras"}
REQUESTING PAGE: GET /subscription_rates with {} and HTTP headers {"HTTP_REFERER"=>"/privacy_policy"}
REQUESTING PAGE: GET /terms with {} and HTTP headers {"HTTP_REFERER"=>"/subscription_rates"}
REQUESTING PAGE: GET / with {} and HTTP headers {}
REQUESTING PAGE: GET / with {} and HTTP headers {"HTTP_REFERER"=>"/"}
REQUESTING PAGE: GET /about with {} and HTTP headers {"HTTP_REFERER"=>"/"}
REQUESTING PAGE: GET /contact with {} and HTTP headers {"HTTP_REFERER"=>"/about"}
REQUESTING PAGE: GET /endorsements with {} and HTTP headers {"HTTP_REFERER"=>"/contact"}
REQUESTING PAGE: GET /free_trial with {} and HTTP headers {"HTTP_REFERER"=>"/endorsements"}
REQUESTING PAGE: GET /join with {} and HTTP headers {"HTTP_REFERER"=>"/free_trial"}
REQUESTING PAGE: GET /links with {} and HTTP headers {"HTTP_REFERER"=>"/join"}
REQUESTING PAGE: GET /member_orchestras with {} and HTTP headers {"HTTP_REFERER"=>"/links"}
REQUESTING PAGE: GET /privacy_policy with {} and HTTP headers {"HTTP_REFERER"=>"/member_orchestras"}
REQUESTING PAGE: GET /subscription_rates with {} and HTTP headers {"HTTP_REFERER"=>"/privacy_policy"}
REQUESTING PAGE: GET /terms with {} and HTTP headers {"HTTP_REFERER"=>"/subscription_rates"}
REQUESTING PAGE: GET / with {} and HTTP headers {}
REQUESTING PAGE: GET / with {} and HTTP headers {"HTTP_REFERER"=>"/"}
REQUESTING PAGE: GET /about with {} and HTTP headers {"HTTP_REFERER"=>"/"}
REQUESTING PAGE: GET /contact with {} and HTTP headers {"HTTP_REFERER"=>"/about"}
REQUESTING PAGE: GET /endorsements with {} and HTTP headers {"HTTP_REFERER"=>"/contact"}
REQUESTING PAGE: GET /free_trial with {} and HTTP headers {"HTTP_REFERER"=>"/endorsements"}
REQUESTING PAGE: GET /join with {} and HTTP headers {"HTTP_REFERER"=>"/free_trial"}
REQUESTING PAGE: GET /links with {} and HTTP headers {"HTTP_REFERER"=>"/join"}
REQUESTING PAGE: GET /member_orchestras with {} and HTTP headers {"HTTP_REFERER"=>"/links"}
REQUESTING PAGE: GET /privacy_policy with {} and HTTP headers {"HTTP_REFERER"=>"/member_orchestras"}
REQUESTING PAGE: GET /subscription_rates with {} and HTTP headers {"HTTP_REFERER"=>"/privacy_policy"}
REQUESTING PAGE: GET /terms with {} and HTTP headers {"HTTP_REFERER"=>"/subscription_rates"}
REQUESTING PAGE: GET / with {} and HTTP headers {}
REQUESTING PAGE: GET / with {} and HTTP headers {"HTTP_REFERER"=>"/"}
REQUESTING PAGE: GET /about with {} and HTTP headers {"HTTP_REFERER"=>"/"}
REQUESTING PAGE: GET /contact with {} and HTTP headers {"HTTP_REFERER"=>"/about"}
REQUESTING PAGE: GET /endorsements with {} and HTTP headers {"HTTP_REFERER"=>"/contact"}
REQUESTING PAGE: GET /free_trial with {} and HTTP headers {"HTTP_REFERER"=>"/endorsements"}
REQUESTING PAGE: GET /join with {} and HTTP headers {"HTTP_REFERER"=>"/free_trial"}
REQUESTING PAGE: GET /links with {} and HTTP headers {"HTTP_REFERER"=>"/join"}
REQUESTING PAGE: GET /member_orchestras with {} and HTTP headers {"HTTP_REFERER"=>"/links"}
REQUESTING PAGE: GET /privacy_policy with {} and HTTP headers {"HTTP_REFERER"=>"/member_orchestras"}
REQUESTING PAGE: GET /subscription_rates with {} and HTTP headers {"HTTP_REFERER"=>"/privacy_policy"}
REQUESTING PAGE: GET /terms with {} and HTTP headers {"HTTP_REFERER"=>"/subscription_rates"}
REQUESTING PAGE: GET / with {} and HTTP headers {}
REQUESTING PAGE: GET / with {} and HTTP headers {"HTTP_REFERER"=>"/"}
REQUESTING PAGE: GET /about with {} and HTTP headers {"HTTP_REFERER"=>"/"}
REQUESTING PAGE: GET /contact with {} and HTTP headers {"HTTP_REFERER"=>"/about"}
REQUESTING PAGE: GET /endorsements with {} and HTTP headers {"HTTP_REFERER"=>"/contact"}
REQUESTING PAGE: GET /free_trial with {} and HTTP headers {"HTTP_REFERER"=>"/endorsements"}
REQUESTING PAGE: GET /join with {} and HTTP headers {"HTTP_REFERER"=>"/free_trial"}
REQUESTING PAGE: GET /links with {} and HTTP headers {"HTTP_REFERER"=>"/join"}
REQUESTING PAGE: GET /member_orchestras with {} and HTTP headers {"HTTP_REFERER"=>"/links"}
REQUESTING PAGE: GET /privacy_policy with {} and HTTP headers {"HTTP_REFERER"=>"/member_orchestras"}
REQUESTING PAGE: GET /subscription_rates with {} and HTTP headers {"HTTP_REFERER"=>"/privacy_policy"}
REQUESTING PAGE: GET /terms with {} and HTTP headers {"HTTP_REFERER"=>"/subscription_rates"}
REQUESTING PAGE: GET / with {} and HTTP headers {}
REQUESTING PAGE: GET / with {} and HTTP headers {"HTTP_REFERER"=>"/"}
REQUESTING PAGE: GET /about with {} and HTTP headers {"HTTP_REFERER"=>"/"}
REQUESTING PAGE: GET /contact with {} and HTTP headers {"HTTP_REFERER"=>"/about"}
REQUESTING PAGE: GET /endorsements with {} and HTTP headers {"HTTP_REFERER"=>"/contact"}
REQUESTING PAGE: GET /free_trial with {} and HTTP headers {"HTTP_REFERER"=>"/endorsements"}
REQUESTING PAGE: GET /join with {} and HTTP headers {"HTTP_REFERER"=>"/free_trial"}
REQUESTING PAGE: GET /links with {} and HTTP headers {"HTTP_REFERER"=>"/join"}
REQUESTING PAGE: GET /member_orchestras with {} and HTTP headers {"HTTP_REFERER"=>"/links"}
REQUESTING PAGE: GET /privacy_policy with {} and HTTP headers {"HTTP_REFERER"=>"/member_orchestras"}
REQUESTING PAGE: GET /subscription_rates with {} and HTTP headers {"HTTP_REFERER"=>"/privacy_policy"}
REQUESTING PAGE: GET /terms with {} and HTTP headers {"HTTP_REFERER"=>"/subscription_rates"}
REQUESTING PAGE: GET / with {} and HTTP headers {}
REQUESTING PAGE: GET / with {} and HTTP headers {"HTTP_REFERER"=>"/"}
REQUESTING PAGE: GET /about with {} and HTTP headers {"HTTP_REFERER"=>"/"}
REQUESTING PAGE: GET /contact with {} and HTTP headers {"HTTP_REFERER"=>"/about"}
REQUESTING PAGE: GET /endorsements with {} and HTTP headers {"HTTP_REFERER"=>"/contact"}
REQUESTING PAGE: GET /free_trial with {} and HTTP headers {"HTTP_REFERER"=>"/endorsements"}
REQUESTING PAGE: GET /join with {} and HTTP headers {"HTTP_REFERER"=>"/free_trial"}
REQUESTING PAGE: GET /links with {} and HTTP headers {"HTTP_REFERER"=>"/join"}
REQUESTING PAGE: GET /member_orchestras with {} and HTTP headers {"HTTP_REFERER"=>"/links"}
REQUESTING PAGE: GET /privacy_policy with {} and HTTP headers {"HTTP_REFERER"=>"/member_orchestras"}
REQUESTING PAGE: GET /subscription_rates with {} and HTTP headers {"HTTP_REFERER"=>"/privacy_policy"}
REQUESTING PAGE: GET /terms with {} and HTTP headers {"HTTP_REFERER"=>"/subscription_rates"}
REQUESTING PAGE: GET /signup with {} and HTTP headers {}
REQUESTING PAGE: POST /users with {"utf8"=>"\xE2\x9C\x93", "user"=>{"first_name"=>"", "email"=>"", "password"=>"", "password_confirmation"=>""}, "commit"=>"Sign up"} and HTTP headers {"HTTP_REFERER"=>"/signup"}
REQUESTING PAGE: GET /signup with {} and HTTP headers {}
REQUESTING PAGE: POST /users with {"utf8"=>"\xE2\x9C\x93", "user"=>{"first_name"=>"Example User", "email"=>"user@example.com", "password"=>"foobar", "password_confirmation"=>"foobar"}, "commit"=>"Sign up"} and HTTP headers {"HTTP_REFERER"=>"/signup"}
REQUESTING PAGE: GET http://www.example.com/users/1 with {} and HTTP headers {"HTTP_REFERER"=>"/users"}
REQUESTING PAGE: GET /signup with {} and HTTP headers {}
REQUESTING PAGE: POST /users with {"utf8"=>"\xE2\x9C\x93", "user"=>{"first_name"=>"", "email"=>"", "password"=>"", "password_confirmation"=>""}, "commit"=>"Sign up"} and HTTP headers {"HTTP_REFERER"=>"/signup"}
REQUESTING PAGE: GET /signup with {} and HTTP headers {}
REQUESTING PAGE: POST /users with {"utf8"=>"\xE2\x9C\x93", "user"=>{"first_name"=>"Example User", "email"=>"user@example.com", "password"=>"foobar", "password_confirmation"=>"foobar"}, "commit"=>"Sign up"} and HTTP headers {"HTTP_REFERER"=>"/signup"}
REQUESTING PAGE: GET http://www.example.com/users/1 with {} and HTTP headers {"HTTP_REFERER"=>"/users"}
REQUESTING PAGE: GET / with {} and HTTP headers {}
REQUESTING PAGE: GET / with {} and HTTP headers {"HTTP_REFERER"=>"/"}
REQUESTING PAGE: GET /about with {} and HTTP headers {"HTTP_REFERER"=>"/"}
REQUESTING PAGE: GET /contact with {} and HTTP headers {"HTTP_REFERER"=>"/about"}
REQUESTING PAGE: GET /endorsements with {} and HTTP headers {"HTTP_REFERER"=>"/contact"}
REQUESTING PAGE: GET /free_trial with {} and HTTP headers {"HTTP_REFERER"=>"/endorsements"}
REQUESTING PAGE: GET /join with {} and HTTP headers {"HTTP_REFERER"=>"/free_trial"}
REQUESTING PAGE: GET /links with {} and HTTP headers {"HTTP_REFERER"=>"/join"}
REQUESTING PAGE: GET /member_orchestras with {} and HTTP headers {"HTTP_REFERER"=>"/links"}
REQUESTING PAGE: GET /privacy_policy with {} and HTTP headers {"HTTP_REFERER"=>"/member_orchestras"}
REQUESTING PAGE: GET /subscription_rates with {} and HTTP headers {"HTTP_REFERER"=>"/privacy_policy"}
REQUESTING PAGE: GET /terms with {} and HTTP headers {"HTTP_REFERER"=>"/subscription_rates"}
REQUESTING PAGE: GET /signup with {} and HTTP headers {}
REQUESTING PAGE: POST /users with {"utf8"=>"\xE2\x9C\x93", "user"=>{"first_name"=>"", "email"=>"", "password"=>"", "password_confirmation"=>""}, "commit"=>"Sign up"} and HTTP headers {"HTTP_REFERER"=>"/signup"}
REQUESTING PAGE: GET /signup with {} and HTTP headers {}
REQUESTING PAGE: POST /users with {"utf8"=>"\xE2\x9C\x93", "user"=>{"first_name"=>"Example User", "email"=>"user@example.com", "password"=>"foobar", "password_confirmation"=>"foobar"}, "commit"=>"Sign up"} and HTTP headers {"HTTP_REFERER"=>"/signup"}
REQUESTING PAGE: GET http://www.example.com/users/1 with {} and HTTP headers {"HTTP_REFERER"=>"/users"}
REQUESTING PAGE: GET /signup with {} and HTTP headers {}
REQUESTING PAGE: POST /users with {"utf8"=>"\xE2\x9C\x93", "user"=>{"first_name"=>"", "email"=>"", "password"=>"", "password_confirmation"=>""}, "commit"=>"Sign up"} and HTTP headers {"HTTP_REFERER"=>"/signup"}
REQUESTING PAGE: GET /signup with {} and HTTP headers {}
REQUESTING PAGE: POST /users with {"utf8"=>"\xE2\x9C\x93", "user"=>{"first_name"=>"Example User", "email"=>"user@example.com", "password"=>"foobar", "password_confirmation"=>"foobar"}, "commit"=>"Sign up"} and HTTP headers {"HTTP_REFERER"=>"/signup"}
REQUESTING PAGE: GET http://www.example.com/users/1 with {} and HTTP headers {"HTTP_REFERER"=>"/users"}
REQUESTING PAGE: GET / with {} and HTTP headers {}
REQUESTING PAGE: GET / with {} and HTTP headers {"HTTP_REFERER"=>"/"}
REQUESTING PAGE: GET /about with {} and HTTP headers {"HTTP_REFERER"=>"/"}
REQUESTING PAGE: GET /contact with {} and HTTP headers {"HTTP_REFERER"=>"/about"}
REQUESTING PAGE: GET /endorsements with {} and HTTP headers {"HTTP_REFERER"=>"/contact"}
REQUESTING PAGE: GET /free_trial with {} and HTTP headers {"HTTP_REFERER"=>"/endorsements"}
REQUESTING PAGE: GET /join with {} and HTTP headers {"HTTP_REFERER"=>"/free_trial"}
REQUESTING PAGE: GET /links with {} and HTTP headers {"HTTP_REFERER"=>"/join"}
REQUESTING PAGE: GET /member_orchestras with {} and HTTP headers {"HTTP_REFERER"=>"/links"}
REQUESTING PAGE: GET /privacy_policy with {} and HTTP headers {"HTTP_REFERER"=>"/member_orchestras"}
REQUESTING PAGE: GET /subscription_rates with {} and HTTP headers {"HTTP_REFERER"=>"/privacy_policy"}
REQUESTING PAGE: GET /terms with {} and HTTP headers {"HTTP_REFERER"=>"/subscription_rates"}
REQUESTING PAGE: GET /signup with {} and HTTP headers {}
REQUESTING PAGE: POST /users with {"utf8"=>"\xE2\x9C\x93", "user"=>{"first_name"=>"", "email"=>"", "password"=>"", "password_confirmation"=>""}, "commit"=>"Sign up"} and HTTP headers {"HTTP_REFERER"=>"/signup"}
REQUESTING PAGE: GET /signup with {} and HTTP headers {}
REQUESTING PAGE: POST /users with {"utf8"=>"\xE2\x9C\x93", "user"=>{"first_name"=>"Example User", "email"=>"user@example.com", "password"=>"foobar", "password_confirmation"=>"foobar"}, "commit"=>"Sign up"} and HTTP headers {"HTTP_REFERER"=>"/signup"}
REQUESTING PAGE: GET http://www.example.com/users/1 with {} and HTTP headers {"HTTP_REFERER"=>"/users"}
REQUESTING PAGE: GET / with {} and HTTP headers {}
REQUESTING PAGE: GET / with {} and HTTP headers {"HTTP_REFERER"=>"/"}
REQUESTING PAGE: GET /about with {} and HTTP headers {"HTTP_REFERER"=>"/"}
REQUESTING PAGE: GET /contact with {} and HTTP headers {"HTTP_REFERER"=>"/about"}
REQUESTING PAGE: GET /endorsements with {} and HTTP headers {"HTTP_REFERER"=>"/contact"}
REQUESTING PAGE: GET /free_trial with {} and HTTP headers {"HTTP_REFERER"=>"/endorsements"}
REQUESTING PAGE: GET /join with {} and HTTP headers {"HTTP_REFERER"=>"/free_trial"}
REQUESTING PAGE: GET /links with {} and HTTP headers {"HTTP_REFERER"=>"/join"}
REQUESTING PAGE: GET /member_orchestras with {} and HTTP headers {"HTTP_REFERER"=>"/links"}
REQUESTING PAGE: GET /privacy_policy with {} and HTTP headers {"HTTP_REFERER"=>"/member_orchestras"}
REQUESTING PAGE: GET /subscription_rates with {} and HTTP headers {"HTTP_REFERER"=>"/privacy_policy"}
REQUESTING PAGE: GET /terms with {} and HTTP headers {"HTTP_REFERER"=>"/subscription_rates"}
REQUESTING PAGE: GET /signup with {} and HTTP headers {}
REQUESTING PAGE: POST /users with {"utf8"=>"\xE2\x9C\x93", "user"=>{"first_name"=>"", "email"=>"", "password"=>"", "password_confirmation"=>""}, "commit"=>"Sign up"} and HTTP headers {"HTTP_REFERER"=>"/signup"}
REQUESTING PAGE: GET /signup with {} and HTTP headers {}
REQUESTING PAGE: POST /users with {"utf8"=>"\xE2\x9C\x93", "user"=>{"first_name"=>"Example User", "email"=>"user@example.com", "password"=>"foobar", "password_confirmation"=>"foobar"}, "commit"=>"Sign up"} and HTTP headers {"HTTP_REFERER"=>"/signup"}
REQUESTING PAGE: GET http://www.example.com/users/1 with {} and HTTP headers {"HTTP_REFERER"=>"/users"}
